{"/home/travis/build/npmtest/node-npmtest-vmd/test.js":{"path":"/home/travis/build/npmtest/node-npmtest-vmd/test.js","s":{"1":2,"2":2,"3":2,"4":2,"5":2,"6":2,"7":2,"8":1,"9":2,"10":2,"11":1,"12":1,"13":1,"14":1,"15":2,"16":2,"17":2,"18":2,"19":1,"20":1,"21":2,"22":2,"23":2,"24":1,"25":1,"26":1,"27":1,"28":1,"29":1,"30":1,"31":1,"32":1,"33":1,"34":1,"35":1,"36":1,"37":1,"38":1,"39":2,"40":2,"41":1,"42":2,"43":2,"44":1,"45":2,"46":2,"47":1,"48":2,"49":2,"50":1,"51":1,"52":1,"53":1,"54":1},"b":{"1":[2,1,1,1],"2":[1,1,1,1],"3":[1,1],"4":[1,1],"5":[1,1],"6":[1,1],"7":[1,1],"8":[1,1],"9":[1,1],"10":[1,1,1],"11":[1,1],"12":[1,1],"13":[1,1],"14":[1,1],"15":[1,1],"16":[1,1],"17":[1,1]},"f":{"1":2,"2":2,"3":2,"4":2,"5":2,"6":1,"7":1,"8":1,"9":2,"10":2,"11":2,"12":2,"13":1},"fnMap":{"1":{"name":"(anonymous_1)","line":12,"loc":{"start":{"line":12,"column":1},"end":{"line":12,"column":13}}},"2":{"name":"(anonymous_2)","line":19,"loc":{"start":{"line":19,"column":5},"end":{"line":19,"column":17}}},"3":{"name":"(anonymous_3)","line":23,"loc":{"start":{"line":23,"column":24},"end":{"line":23,"column":36}}},"4":{"name":"(anonymous_4)","line":61,"loc":{"start":{"line":61,"column":5},"end":{"line":61,"column":17}}},"5":{"name":"(anonymous_5)","line":82,"loc":{"start":{"line":82,"column":5},"end":{"line":82,"column":17}}},"6":{"name":"(anonymous_6)","line":91,"loc":{"start":{"line":91,"column":77},"end":{"line":94,"column":10}}},"7":{"name":"(anonymous_7)","line":112,"loc":{"start":{"line":112,"column":83},"end":{"line":115,"column":10}},"skip":true},"8":{"name":"(anonymous_8)","line":123,"loc":{"start":{"line":123,"column":77},"end":{"line":126,"column":10}},"skip":true},"9":{"name":"(anonymous_9)","line":139,"loc":{"start":{"line":139,"column":12},"end":{"line":139,"column":40}},"skip":true},"10":{"name":"(anonymous_10)","line":147,"loc":{"start":{"line":147,"column":77},"end":{"line":150,"column":10}},"skip":true},"11":{"name":"(anonymous_11)","line":158,"loc":{"start":{"line":158,"column":83},"end":{"line":161,"column":10}},"skip":true},"12":{"name":"(anonymous_12)","line":169,"loc":{"start":{"line":169,"column":79},"end":{"line":172,"column":10}},"skip":true},"13":{"name":"(anonymous_13)","line":180,"loc":{"start":{"line":180,"column":75},"end":{"line":183,"column":10}},"skip":true}},"statementMap":{"1":{"start":{"line":12,"column":0},"end":{"line":195,"column":5}},"2":{"start":{"line":14,"column":4},"end":{"line":14,"column":14}},"3":{"start":{"line":19,"column":4},"end":{"line":56,"column":9}},"4":{"start":{"line":21,"column":8},"end":{"line":21,"column":19}},"5":{"start":{"line":23,"column":8},"end":{"line":35,"column":13}},"6":{"start":{"line":24,"column":12},"end":{"line":34,"column":13}},"7":{"start":{"line":25,"column":16},"end":{"line":28,"column":30}},"8":{"start":{"line":30,"column":16},"end":{"line":33,"column":27}},"9":{"start":{"line":37,"column":8},"end":{"line":39,"column":21}},"10":{"start":{"line":40,"column":8},"end":{"line":53,"column":9}},"11":{"start":{"line":43,"column":12},"end":{"line":46,"column":14}},"12":{"start":{"line":47,"column":12},"end":{"line":47,"column":18}},"13":{"start":{"line":50,"column":12},"end":{"line":51,"column":33}},"14":{"start":{"line":52,"column":12},"end":{"line":52,"column":18}},"15":{"start":{"line":55,"column":8},"end":{"line":55,"column":35}},"16":{"start":{"line":61,"column":4},"end":{"line":63,"column":9}},"17":{"start":{"line":62,"column":8},"end":{"line":62,"column":15}},"18":{"start":{"line":64,"column":4},"end":{"line":77,"column":5}},"19":{"start":{"line":70,"column":8},"end":{"line":70,"column":14}},"20":{"start":{"line":76,"column":8},"end":{"line":76,"column":14}},"21":{"start":{"line":82,"column":4},"end":{"line":84,"column":9}},"22":{"start":{"line":83,"column":8},"end":{"line":83,"column":15}},"23":{"start":{"line":85,"column":4},"end":{"line":194,"column":5}},"24":{"start":{"line":91,"column":8},"end":{"line":99,"column":10}},"25":{"start":{"line":98,"column":12},"end":{"line":98,"column":35}},"26":{"start":{"line":102,"column":8},"end":{"line":104,"column":63}},"27":{"start":{"line":105,"column":8},"end":{"line":105,"column":14}},"28":{"start":{"line":112,"column":8},"end":{"line":121,"column":10},"skip":true},"29":{"start":{"line":119,"column":12},"end":{"line":119,"column":55},"skip":true},"30":{"start":{"line":120,"column":12},"end":{"line":120,"column":48},"skip":true},"31":{"start":{"line":123,"column":8},"end":{"line":136,"column":10},"skip":true},"32":{"start":{"line":130,"column":12},"end":{"line":130,"column":76},"skip":true},"33":{"start":{"line":131,"column":12},"end":{"line":131,"column":73},"skip":true},"34":{"start":{"line":132,"column":12},"end":{"line":132,"column":74},"skip":true},"35":{"start":{"line":133,"column":12},"end":{"line":133,"column":79},"skip":true},"36":{"start":{"line":134,"column":12},"end":{"line":134,"column":25},"skip":true},"37":{"start":{"line":135,"column":12},"end":{"line":135,"column":45},"skip":true},"38":{"start":{"line":138,"column":8},"end":{"line":145,"column":14},"skip":true},"39":{"start":{"line":143,"column":16},"end":{"line":143,"column":29},"skip":true},"40":{"start":{"line":144,"column":16},"end":{"line":144,"column":55},"skip":true},"41":{"start":{"line":147,"column":8},"end":{"line":156,"column":10},"skip":true},"42":{"start":{"line":154,"column":12},"end":{"line":154,"column":25},"skip":true},"43":{"start":{"line":155,"column":12},"end":{"line":155,"column":45},"skip":true},"44":{"start":{"line":158,"column":8},"end":{"line":167,"column":10},"skip":true},"45":{"start":{"line":165,"column":12},"end":{"line":165,"column":25},"skip":true},"46":{"start":{"line":166,"column":12},"end":{"line":166,"column":48},"skip":true},"47":{"start":{"line":169,"column":8},"end":{"line":178,"column":10},"skip":true},"48":{"start":{"line":176,"column":12},"end":{"line":176,"column":25},"skip":true},"49":{"start":{"line":177,"column":12},"end":{"line":177,"column":46},"skip":true},"50":{"start":{"line":180,"column":8},"end":{"line":189,"column":10},"skip":true},"51":{"start":{"line":187,"column":12},"end":{"line":187,"column":94},"skip":true},"52":{"start":{"line":188,"column":12},"end":{"line":188,"column":48},"skip":true},"53":{"start":{"line":192,"column":8},"end":{"line":192,"column":35},"skip":true},"54":{"start":{"line":193,"column":8},"end":{"line":193,"column":14},"skip":true}},"branchMap":{"1":{"line":25,"type":"binary-expr","locations":[{"start":{"line":25,"column":23},"end":{"line":25,"column":62}},{"start":{"line":26,"column":20},"end":{"line":26,"column":70}},{"start":{"line":27,"column":20},"end":{"line":27,"column":71}},{"start":{"line":28,"column":20},"end":{"line":28,"column":29}}]},"2":{"line":30,"type":"binary-expr","locations":[{"start":{"line":30,"column":23},"end":{"line":30,"column":37}},{"start":{"line":31,"column":20},"end":{"line":31,"column":61}},{"start":{"line":32,"column":20},"end":{"line":32,"column":70}},{"start":{"line":33,"column":20},"end":{"line":33,"column":26}}]},"3":{"line":37,"type":"cond-expr","locations":[{"start":{"line":38,"column":14},"end":{"line":38,"column":20}},{"start":{"line":39,"column":14},"end":{"line":39,"column":20}}]},"4":{"line":40,"type":"switch","locations":[{"start":{"line":42,"column":8},"end":{"line":47,"column":18}},{"start":{"line":49,"column":8},"end":{"line":52,"column":18}}]},"5":{"line":44,"type":"binary-expr","locations":[{"start":{"line":44,"column":16},"end":{"line":44,"column":44}},{"start":{"line":44,"column":48},"end":{"line":44,"column":66}}]},"6":{"line":50,"type":"binary-expr","locations":[{"start":{"line":50,"column":21},"end":{"line":50,"column":49}},{"start":{"line":50,"column":53},"end":{"line":50,"column":72}}]},"7":{"line":64,"type":"switch","locations":[{"start":{"line":69,"column":4},"end":{"line":70,"column":14}},{"start":{"line":75,"column":4},"end":{"line":76,"column":14}}]},"8":{"line":85,"type":"switch","locations":[{"start":{"line":90,"column":4},"end":{"line":105,"column":14}},{"start":{"line":111,"column":4},"end":{"line":193,"column":14},"skip":true}]},"9":{"line":91,"type":"binary-expr","locations":[{"start":{"line":91,"column":42},"end":{"line":91,"column":73}},{"start":{"line":91,"column":77},"end":{"line":99,"column":9}}]},"10":{"line":102,"type":"binary-expr","locations":[{"start":{"line":102,"column":18},"end":{"line":102,"column":32}},{"start":{"line":103,"column":12},"end":{"line":103,"column":53}},{"start":{"line":104,"column":12},"end":{"line":104,"column":61}}]},"11":{"line":112,"type":"binary-expr","locations":[{"start":{"line":112,"column":45},"end":{"line":112,"column":79},"skip":true},{"start":{"line":112,"column":83},"end":{"line":121,"column":9},"skip":true}]},"12":{"line":123,"type":"binary-expr","locations":[{"start":{"line":123,"column":42},"end":{"line":123,"column":73},"skip":true},{"start":{"line":123,"column":77},"end":{"line":136,"column":9},"skip":true}]},"13":{"line":138,"type":"binary-expr","locations":[{"start":{"line":138,"column":48},"end":{"line":138,"column":85},"skip":true},{"start":{"line":139,"column":12},"end":{"line":145,"column":13},"skip":true}]},"14":{"line":147,"type":"binary-expr","locations":[{"start":{"line":147,"column":42},"end":{"line":147,"column":73},"skip":true},{"start":{"line":147,"column":77},"end":{"line":156,"column":9},"skip":true}]},"15":{"line":158,"type":"binary-expr","locations":[{"start":{"line":158,"column":45},"end":{"line":158,"column":79},"skip":true},{"start":{"line":158,"column":83},"end":{"line":167,"column":9},"skip":true}]},"16":{"line":169,"type":"binary-expr","locations":[{"start":{"line":169,"column":43},"end":{"line":169,"column":75},"skip":true},{"start":{"line":169,"column":79},"end":{"line":178,"column":9},"skip":true}]},"17":{"line":180,"type":"binary-expr","locations":[{"start":{"line":180,"column":41},"end":{"line":180,"column":71},"skip":true},{"start":{"line":180,"column":75},"end":{"line":189,"column":9},"skip":true}]}},"code":["/* istanbul instrument in package npmtest_vmd */","/*jslint","    bitwise: true,","    browser: true,","    maxerr: 8,","    maxlen: 96,","    node: true,","    nomen: true,","    regexp: true,","    stupid: true","*/","(function () {","    'use strict';","    var local;","","","","    // run shared js-env code - pre-init","    (function () {","        // init local","        local = {};","        // init modeJs","        local.modeJs = (function () {","            try {","                return typeof navigator.userAgent === 'string' &&","                    typeof document.querySelector('body') === 'object' &&","                    typeof XMLHttpRequest.prototype.open === 'function' &&","                    'browser';","            } catch (errorCaughtBrowser) {","                return module.exports &&","                    typeof process.versions.node === 'string' &&","                    typeof require('http').createServer === 'function' &&","                    'node';","            }","        }());","        // init global","        local.global = local.modeJs === 'browser'","            ? window","            : global;","        switch (local.modeJs) {","        // re-init local from window.local","        case 'browser':","            local = local.global.utility2.objectSetDefault(","                local.global.utility2_rollup || local.global.local,","                local.global.utility2","            );","            break;","        // re-init local from example.js","        case 'node':","            local = (local.global.utility2_rollup || require('utility2'))","                .requireReadme();","            break;","        }","        // export local","        local.global.local = local;","    }());","","","","    // run shared js-env code - function","    (function () {","        return;","    }());","    switch (local.modeJs) {","","","","    // run browser js-env code - function","    case 'browser':","        break;","","","","    // run node js-env code - function","    case 'node':","        break;","    }","","","","    // run shared js-env code - post-init","    (function () {","        return;","    }());","    switch (local.modeJs) {","","","","    // run browser js-env code - post-init","    case 'browser':","        local.testCase_browser_nullCase = local.testCase_browser_nullCase || function (","            options,","            onError","        ) {","        /*","         * this function will test browsers's null-case handling-behavior-behavior","         */","            onError(null, options);","        };","","        // run tests","        local.nop(local.modeTest &&","            document.querySelector('#testRunButton1') &&","            document.querySelector('#testRunButton1').click());","        break;","","","","    // run node js-env code - post-init","    /* istanbul ignore next */","    case 'node':","        local.testCase_buildApidoc_default = local.testCase_buildApidoc_default || function (","            options,","            onError","        ) {","        /*","         * this function will test buildApidoc's default handling-behavior-behavior","         */","            options = { modulePathList: module.paths };","            local.buildApidoc(options, onError);","        };","","        local.testCase_buildApp_default = local.testCase_buildApp_default || function (","            options,","            onError","        ) {","        /*","         * this function will test buildApp's default handling-behavior-behavior","         */","            local.testCase_buildReadme_default(options, local.onErrorThrow);","            local.testCase_buildLib_default(options, local.onErrorThrow);","            local.testCase_buildTest_default(options, local.onErrorThrow);","            local.testCase_buildCustomOrg_default(options, local.onErrorThrow);","            options = [];","            local.buildApp(options, onError);","        };","","        local.testCase_buildCustomOrg_default = local.testCase_buildCustomOrg_default ||","            function (options, onError) {","            /*","             * this function will test buildCustomOrg's default handling-behavior","             */","                options = {};","                local.buildCustomOrg(options, onError);","            };","","        local.testCase_buildLib_default = local.testCase_buildLib_default || function (","            options,","            onError","        ) {","        /*","         * this function will test buildLib's default handling-behavior","         */","            options = {};","            local.buildLib(options, onError);","        };","","        local.testCase_buildReadme_default = local.testCase_buildReadme_default || function (","            options,","            onError","        ) {","        /*","         * this function will test buildReadme's default handling-behavior-behavior","         */","            options = {};","            local.buildReadme(options, onError);","        };","","        local.testCase_buildTest_default = local.testCase_buildTest_default || function (","            options,","            onError","        ) {","        /*","         * this function will test buildTest's default handling-behavior","         */","            options = {};","            local.buildTest(options, onError);","        };","","        local.testCase_webpage_default = local.testCase_webpage_default || function (","            options,","            onError","        ) {","        /*","         * this function will test webpage's default handling-behavior","         */","            options = { modeCoverageMerge: true, url: local.serverLocalHost + '?modeTest=1' };","            local.browserTest(options, onError);","        };","","        // run test-server","        local.testRunServer(local);","        break;","    }","}());",""],"l":{"12":2,"14":2,"19":2,"21":2,"23":2,"24":2,"25":2,"30":1,"37":2,"40":2,"43":1,"47":1,"50":1,"52":1,"55":2,"61":2,"62":2,"64":2,"70":1,"76":1,"82":2,"83":2,"85":2,"91":1,"98":1,"102":1,"105":1,"112":1,"119":1,"120":1,"123":1,"130":1,"131":1,"132":1,"133":1,"134":1,"135":1,"138":1,"143":2,"144":2,"147":1,"154":2,"155":2,"158":1,"165":2,"166":2,"169":1,"176":2,"177":2,"180":1,"187":1,"188":1,"192":1,"193":1}},"/home/travis/build/npmtest/node-npmtest-vmd/lib.npmtest_vmd.js":{"path":"/home/travis/build/npmtest/node-npmtest-vmd/lib.npmtest_vmd.js","s":{"1":2,"2":2,"3":2,"4":2,"5":2,"6":2,"7":2,"8":1,"9":2,"10":2,"11":2,"12":2,"13":1,"14":1,"15":1,"16":1},"b":{"1":[2,1,1,1],"2":[1,1,1,1],"3":[1,1],"4":[2,2],"5":[1,1]},"f":{"1":2,"2":2,"3":2},"fnMap":{"1":{"name":"(anonymous_1)","line":12,"loc":{"start":{"line":12,"column":1},"end":{"line":12,"column":13}}},"2":{"name":"(anonymous_2)","line":19,"loc":{"start":{"line":19,"column":5},"end":{"line":19,"column":17}}},"3":{"name":"(anonymous_3)","line":23,"loc":{"start":{"line":23,"column":24},"end":{"line":23,"column":36}}}},"statementMap":{"1":{"start":{"line":12,"column":0},"end":{"line":53,"column":5}},"2":{"start":{"line":14,"column":4},"end":{"line":14,"column":14}},"3":{"start":{"line":19,"column":4},"end":{"line":52,"column":9}},"4":{"start":{"line":21,"column":8},"end":{"line":21,"column":19}},"5":{"start":{"line":23,"column":8},"end":{"line":35,"column":13}},"6":{"start":{"line":24,"column":12},"end":{"line":34,"column":13}},"7":{"start":{"line":25,"column":16},"end":{"line":28,"column":30}},"8":{"start":{"line":30,"column":16},"end":{"line":33,"column":27}},"9":{"start":{"line":37,"column":8},"end":{"line":39,"column":21}},"10":{"start":{"line":41,"column":8},"end":{"line":41,"column":54}},"11":{"start":{"line":43,"column":8},"end":{"line":43,"column":48}},"12":{"start":{"line":45,"column":8},"end":{"line":51,"column":9}},"13":{"start":{"line":46,"column":12},"end":{"line":46,"column":54}},"14":{"start":{"line":48,"column":12},"end":{"line":48,"column":35}},"15":{"start":{"line":49,"column":12},"end":{"line":49,"column":49}},"16":{"start":{"line":50,"column":12},"end":{"line":50,"column":43}}},"branchMap":{"1":{"line":25,"type":"binary-expr","locations":[{"start":{"line":25,"column":23},"end":{"line":25,"column":62}},{"start":{"line":26,"column":20},"end":{"line":26,"column":70}},{"start":{"line":27,"column":20},"end":{"line":27,"column":71}},{"start":{"line":28,"column":20},"end":{"line":28,"column":29}}]},"2":{"line":30,"type":"binary-expr","locations":[{"start":{"line":30,"column":23},"end":{"line":30,"column":37}},{"start":{"line":31,"column":20},"end":{"line":31,"column":61}},{"start":{"line":32,"column":20},"end":{"line":32,"column":70}},{"start":{"line":33,"column":20},"end":{"line":33,"column":26}}]},"3":{"line":37,"type":"cond-expr","locations":[{"start":{"line":38,"column":14},"end":{"line":38,"column":20}},{"start":{"line":39,"column":14},"end":{"line":39,"column":20}}]},"4":{"line":41,"type":"binary-expr","locations":[{"start":{"line":41,"column":16},"end":{"line":41,"column":44}},{"start":{"line":41,"column":48},"end":{"line":41,"column":53}}]},"5":{"line":45,"type":"if","locations":[{"start":{"line":45,"column":8},"end":{"line":45,"column":8}},{"start":{"line":45,"column":8},"end":{"line":45,"column":8}}]}},"code":["/* istanbul instrument in package npmtest_vmd */","/*jslint","    bitwise: true,","    browser: true,","    maxerr: 8,","    maxlen: 96,","    node: true,","    nomen: true,","    regexp: true,","    stupid: true","*/","(function () {","    'use strict';","    var local;","","","","    // run shared js-env code - pre-init","    (function () {","        // init local","        local = {};","        // init modeJs","        local.modeJs = (function () {","            try {","                return typeof navigator.userAgent === 'string' &&","                    typeof document.querySelector('body') === 'object' &&","                    typeof XMLHttpRequest.prototype.open === 'function' &&","                    'browser';","            } catch (errorCaughtBrowser) {","                return module.exports &&","                    typeof process.versions.node === 'string' &&","                    typeof require('http').createServer === 'function' &&","                    'node';","            }","        }());","        // init global","        local.global = local.modeJs === 'browser'","            ? window","            : global;","        // init utility2_rollup","        local = local.global.utility2_rollup || local;","        // init lib","        local.local = local.npmtest_vmd = local;","        // init exports","        if (local.modeJs === 'browser') {","            local.global.utility2_npmtest_vmd = local;","        } else {","            module.exports = local;","            module.exports.__dirname = __dirname;","            module.exports.module = module;","        }","    }());","}());",""],"l":{"12":2,"14":2,"19":2,"21":2,"23":2,"24":2,"25":2,"30":1,"37":2,"41":2,"43":2,"45":2,"46":1,"48":1,"49":1,"50":1}},"/home/travis/build/npmtest/node-npmtest-vmd/example.js":{"path":"/home/travis/build/npmtest/node-npmtest-vmd/example.js","s":{"1":2,"2":2,"3":2,"4":2,"5":2,"6":2,"7":2,"8":1,"9":2,"10":2,"11":2,"12":2,"13":1,"14":2,"15":2,"16":2,"17":2,"18":2,"19":0,"20":2,"21":1,"22":1,"23":1,"24":1,"25":1,"26":0,"27":0,"28":1,"29":1,"30":2,"31":0,"32":0,"33":0,"34":1,"35":2,"36":2,"37":3,"38":3,"39":3,"40":3,"41":0,"42":3,"43":3,"44":3,"45":1,"46":3,"47":1,"48":1,"49":1,"50":1,"51":1,"52":1,"53":1,"54":1,"55":1,"56":1,"57":0,"58":1,"59":6,"60":6,"61":1,"62":2,"63":0,"64":2,"65":1,"66":1,"67":0,"68":0,"69":0,"70":0,"71":0,"72":0,"73":0,"74":0,"75":0,"76":0,"77":0,"78":0,"79":0,"80":0,"81":0,"82":0,"83":0},"b":{"1":[2,1,1,1],"2":[1,1,1,1],"3":[1,1],"4":[2,2],"5":[1,1],"6":[1,1],"7":[2,0],"8":[2,1,1,1,1,1],"9":[0,2,0],"10":[1,1],"11":[2,1,1],"12":[1,0],"13":[0,2],"14":[2,0,0,0,0,0,0],"15":[0,3],"16":[3,0],"17":[1,1],"18":[0,1],"19":[1,2,0,2],"20":[1,0],"21":[1,1],"22":[0,0],"23":[0,0],"24":[0,0],"25":[0,0],"26":[0,0],"27":[0,0],"28":[0,0]},"f":{"1":2,"2":2,"3":2,"4":2,"5":2,"6":2,"7":3,"8":3,"9":3,"10":1,"11":6,"12":0},"fnMap":{"1":{"name":"(anonymous_1)","line":26,"loc":{"start":{"line":26,"column":1},"end":{"line":26,"column":13}}},"2":{"name":"(anonymous_2)","line":33,"loc":{"start":{"line":33,"column":5},"end":{"line":33,"column":17}}},"3":{"name":"(anonymous_3)","line":37,"loc":{"start":{"line":37,"column":24},"end":{"line":37,"column":36}}},"4":{"name":"(anonymous_4)","line":69,"loc":{"start":{"line":69,"column":31},"end":{"line":69,"column":48}},"skip":true},"5":{"name":"(anonymous_5)","line":78,"loc":{"start":{"line":78,"column":26},"end":{"line":78,"column":45}},"skip":true},"6":{"name":"(anonymous_6)","line":123,"loc":{"start":{"line":123,"column":33},"end":{"line":123,"column":48}},"skip":true},"7":{"name":"(anonymous_7)","line":125,"loc":{"start":{"line":125,"column":27},"end":{"line":125,"column":39}},"skip":true},"8":{"name":"(anonymous_8)","line":133,"loc":{"start":{"line":133,"column":59},"end":{"line":133,"column":74}},"skip":true},"9":{"name":"(anonymous_9)","line":143,"loc":{"start":{"line":143,"column":45},"end":{"line":143,"column":62}},"skip":true},"10":{"name":"(anonymous_10)","line":144,"loc":{"start":{"line":144,"column":73},"end":{"line":144,"column":92}},"skip":true},"11":{"name":"(anonymous_11)","line":272,"loc":{"start":{"line":272,"column":51},"end":{"line":272,"column":77}},"skip":true},"12":{"name":"(anonymous_12)","line":315,"loc":{"start":{"line":315,"column":32},"end":{"line":315,"column":61}},"skip":true}},"statementMap":{"1":{"start":{"line":26,"column":0},"end":{"line":326,"column":5}},"2":{"start":{"line":28,"column":4},"end":{"line":28,"column":14}},"3":{"start":{"line":33,"column":4},"end":{"line":60,"column":9}},"4":{"start":{"line":35,"column":8},"end":{"line":35,"column":19}},"5":{"start":{"line":37,"column":8},"end":{"line":49,"column":13}},"6":{"start":{"line":38,"column":12},"end":{"line":48,"column":13}},"7":{"start":{"line":39,"column":16},"end":{"line":42,"column":30}},"8":{"start":{"line":44,"column":16},"end":{"line":47,"column":27}},"9":{"start":{"line":51,"column":8},"end":{"line":53,"column":21}},"10":{"start":{"line":55,"column":8},"end":{"line":57,"column":45}},"11":{"start":{"line":59,"column":8},"end":{"line":59,"column":35}},"12":{"start":{"line":61,"column":4},"end":{"line":325,"column":5}},"13":{"start":{"line":69,"column":8},"end":{"line":121,"column":10},"skip":true},"14":{"start":{"line":70,"column":12},"end":{"line":88,"column":13},"skip":true},"15":{"start":{"line":76,"column":16},"end":{"line":87,"column":19},"skip":true},"16":{"start":{"line":79,"column":20},"end":{"line":86,"column":21},"skip":true},"17":{"start":{"line":82,"column":24},"end":{"line":82,"column":43},"skip":true},"18":{"start":{"line":83,"column":24},"end":{"line":83,"column":30},"skip":true},"19":{"start":{"line":85,"column":24},"end":{"line":85,"column":49},"skip":true},"20":{"start":{"line":89,"column":12},"end":{"line":107,"column":13},"skip":true},"21":{"start":{"line":92,"column":16},"end":{"line":102,"column":17},"skip":true},"22":{"start":{"line":93,"column":20},"end":{"line":93,"column":86},"skip":true},"23":{"start":{"line":94,"column":20},"end":{"line":95,"column":45},"skip":true},"24":{"start":{"line":96,"column":20},"end":{"line":96,"column":42},"skip":true},"25":{"start":{"line":97,"column":20},"end":{"line":97,"column":48},"skip":true},"26":{"start":{"line":100,"column":20},"end":{"line":100,"column":85},"skip":true},"27":{"start":{"line":101,"column":20},"end":{"line":101,"column":96},"skip":true},"28":{"start":{"line":103,"column":16},"end":{"line":103,"column":22},"skip":true},"29":{"start":{"line":106,"column":16},"end":{"line":106,"column":22},"skip":true},"30":{"start":{"line":108,"column":12},"end":{"line":120,"column":13},"skip":true},"31":{"start":{"line":114,"column":16},"end":{"line":119,"column":17},"skip":true},"32":{"start":{"line":116,"column":20},"end":{"line":116,"column":78},"skip":true},"33":{"start":{"line":118,"column":20},"end":{"line":118,"column":47},"skip":true},"34":{"start":{"line":123,"column":8},"end":{"line":141,"column":11},"skip":true},"35":{"start":{"line":124,"column":12},"end":{"line":124,"column":54},"skip":true},"36":{"start":{"line":125,"column":12},"end":{"line":140,"column":14},"skip":true},"37":{"start":{"line":126,"column":16},"end":{"line":126,"column":28},"skip":true},"38":{"start":{"line":127,"column":16},"end":{"line":127,"column":69},"skip":true},"39":{"start":{"line":128,"column":16},"end":{"line":128,"column":75},"skip":true},"40":{"start":{"line":129,"column":16},"end":{"line":131,"column":17},"skip":true},"41":{"start":{"line":130,"column":20},"end":{"line":130,"column":27},"skip":true},"42":{"start":{"line":133,"column":16},"end":{"line":137,"column":36},"skip":true},"43":{"start":{"line":134,"column":20},"end":{"line":136,"column":55},"skip":true},"44":{"start":{"line":139,"column":16},"end":{"line":139,"column":57},"skip":true},"45":{"start":{"line":143,"column":8},"end":{"line":147,"column":11},"skip":true},"46":{"start":{"line":144,"column":12},"end":{"line":146,"column":15},"skip":true},"47":{"start":{"line":145,"column":16},"end":{"line":145,"column":70},"skip":true},"48":{"start":{"line":149,"column":8},"end":{"line":149,"column":31},"skip":true},"49":{"start":{"line":150,"column":8},"end":{"line":150,"column":14},"skip":true},"50":{"start":{"line":158,"column":8},"end":{"line":158,"column":31},"skip":true},"51":{"start":{"line":160,"column":8},"end":{"line":160,"column":33},"skip":true},"52":{"start":{"line":161,"column":8},"end":{"line":161,"column":37},"skip":true},"53":{"start":{"line":162,"column":8},"end":{"line":162,"column":35},"skip":true},"54":{"start":{"line":164,"column":8},"end":{"line":164,"column":50},"skip":true},"55":{"start":{"line":166,"column":8},"end":{"line":256,"column":2},"skip":true},"56":{"start":{"line":258,"column":8},"end":{"line":286,"column":9},"skip":true},"57":{"start":{"line":259,"column":12},"end":{"line":269,"column":14},"skip":true},"58":{"start":{"line":271,"column":12},"end":{"line":285,"column":19},"skip":true},"59":{"start":{"line":274,"column":20},"end":{"line":274,"column":35},"skip":true},"60":{"start":{"line":275,"column":20},"end":{"line":284,"column":21},"skip":true},"61":{"start":{"line":277,"column":24},"end":{"line":277,"column":64},"skip":true},"62":{"start":{"line":279,"column":24},"end":{"line":279,"column":40},"skip":true},"63":{"start":{"line":281,"column":24},"end":{"line":281,"column":40},"skip":true},"64":{"start":{"line":283,"column":24},"end":{"line":283,"column":39},"skip":true},"65":{"start":{"line":288,"column":8},"end":{"line":290,"column":9},"skip":true},"66":{"start":{"line":289,"column":12},"end":{"line":289,"column":18},"skip":true},"67":{"start":{"line":291,"column":8},"end":{"line":293,"column":54},"skip":true},"68":{"start":{"line":296,"column":8},"end":{"line":301,"column":37},"skip":true},"69":{"start":{"line":303,"column":8},"end":{"line":303,"column":82},"skip":true},"70":{"start":{"line":306,"column":8},"end":{"line":308,"column":9},"skip":true},"71":{"start":{"line":307,"column":12},"end":{"line":307,"column":82},"skip":true},"72":{"start":{"line":310,"column":8},"end":{"line":312,"column":9},"skip":true},"73":{"start":{"line":311,"column":12},"end":{"line":311,"column":18},"skip":true},"74":{"start":{"line":313,"column":8},"end":{"line":313,"column":54},"skip":true},"75":{"start":{"line":314,"column":8},"end":{"line":314,"column":69},"skip":true},"76":{"start":{"line":315,"column":8},"end":{"line":323,"column":36},"skip":true},"77":{"start":{"line":316,"column":12},"end":{"line":316,"column":61},"skip":true},"78":{"start":{"line":317,"column":12},"end":{"line":320,"column":13},"skip":true},"79":{"start":{"line":318,"column":16},"end":{"line":318,"column":75},"skip":true},"80":{"start":{"line":319,"column":16},"end":{"line":319,"column":23},"skip":true},"81":{"start":{"line":321,"column":12},"end":{"line":321,"column":38},"skip":true},"82":{"start":{"line":322,"column":12},"end":{"line":322,"column":27},"skip":true},"83":{"start":{"line":324,"column":8},"end":{"line":324,"column":14},"skip":true}},"branchMap":{"1":{"line":39,"type":"binary-expr","locations":[{"start":{"line":39,"column":23},"end":{"line":39,"column":62}},{"start":{"line":40,"column":20},"end":{"line":40,"column":70}},{"start":{"line":41,"column":20},"end":{"line":41,"column":71}},{"start":{"line":42,"column":20},"end":{"line":42,"column":29}}]},"2":{"line":44,"type":"binary-expr","locations":[{"start":{"line":44,"column":23},"end":{"line":44,"column":37}},{"start":{"line":45,"column":20},"end":{"line":45,"column":61}},{"start":{"line":46,"column":20},"end":{"line":46,"column":70}},{"start":{"line":47,"column":20},"end":{"line":47,"column":26}}]},"3":{"line":51,"type":"cond-expr","locations":[{"start":{"line":52,"column":14},"end":{"line":52,"column":20}},{"start":{"line":53,"column":14},"end":{"line":53,"column":20}}]},"4":{"line":55,"type":"binary-expr","locations":[{"start":{"line":55,"column":16},"end":{"line":55,"column":44}},{"start":{"line":55,"column":49},"end":{"line":57,"column":43}}]},"5":{"line":55,"type":"cond-expr","locations":[{"start":{"line":56,"column":14},"end":{"line":56,"column":47}},{"start":{"line":57,"column":14},"end":{"line":57,"column":43}}]},"6":{"line":61,"type":"switch","locations":[{"start":{"line":68,"column":4},"end":{"line":150,"column":14},"skip":true},{"start":{"line":156,"column":4},"end":{"line":324,"column":14},"skip":true}]},"7":{"line":70,"type":"if","locations":[{"start":{"line":70,"column":12},"end":{"line":70,"column":12},"skip":true},{"start":{"line":70,"column":12},"end":{"line":70,"column":12},"skip":true}]},"8":{"line":70,"type":"binary-expr","locations":[{"start":{"line":70,"column":16},"end":{"line":70,"column":22},"skip":true},{"start":{"line":70,"column":27},"end":{"line":70,"column":32},"skip":true},{"start":{"line":71,"column":20},"end":{"line":71,"column":39},"skip":true},{"start":{"line":72,"column":20},"end":{"line":72,"column":49},"skip":true},{"start":{"line":73,"column":20},"end":{"line":73,"column":58},"skip":true},{"start":{"line":74,"column":20},"end":{"line":74,"column":69},"skip":true}]},"9":{"line":79,"type":"switch","locations":[{"start":{"line":80,"column":20},"end":{"line":80,"column":33},"skip":true},{"start":{"line":81,"column":20},"end":{"line":83,"column":30},"skip":true},{"start":{"line":84,"column":20},"end":{"line":85,"column":49},"skip":true}]},"10":{"line":89,"type":"switch","locations":[{"start":{"line":90,"column":12},"end":{"line":103,"column":22},"skip":true},{"start":{"line":105,"column":12},"end":{"line":106,"column":22},"skip":true}]},"11":{"line":89,"type":"binary-expr","locations":[{"start":{"line":89,"column":20},"end":{"line":89,"column":25},"skip":true},{"start":{"line":89,"column":29},"end":{"line":89,"column":48},"skip":true},{"start":{"line":89,"column":52},"end":{"line":89,"column":74},"skip":true}]},"12":{"line":92,"type":"if","locations":[{"start":{"line":92,"column":16},"end":{"line":92,"column":16},"skip":true},{"start":{"line":92,"column":16},"end":{"line":92,"column":16},"skip":true}]},"13":{"line":108,"type":"if","locations":[{"start":{"line":108,"column":12},"end":{"line":108,"column":12},"skip":true},{"start":{"line":108,"column":12},"end":{"line":108,"column":12},"skip":true}]},"14":{"line":108,"type":"binary-expr","locations":[{"start":{"line":108,"column":16},"end":{"line":108,"column":61},"skip":true},{"start":{"line":108,"column":66},"end":{"line":108,"column":72},"skip":true},{"start":{"line":108,"column":77},"end":{"line":108,"column":82},"skip":true},{"start":{"line":109,"column":20},"end":{"line":109,"column":39},"skip":true},{"start":{"line":110,"column":20},"end":{"line":110,"column":49},"skip":true},{"start":{"line":111,"column":20},"end":{"line":111,"column":58},"skip":true},{"start":{"line":112,"column":20},"end":{"line":112,"column":68},"skip":true}]},"15":{"line":129,"type":"if","locations":[{"start":{"line":129,"column":16},"end":{"line":129,"column":16},"skip":true},{"start":{"line":129,"column":16},"end":{"line":129,"column":16},"skip":true}]},"16":{"line":134,"type":"cond-expr","locations":[{"start":{"line":135,"column":26},"end":{"line":135,"column":29},"skip":true},{"start":{"line":136,"column":26},"end":{"line":136,"column":54},"skip":true}]},"17":{"line":164,"type":"binary-expr","locations":[{"start":{"line":164,"column":27},"end":{"line":164,"column":43},"skip":true},{"start":{"line":164,"column":47},"end":{"line":164,"column":49},"skip":true}]},"18":{"line":258,"type":"if","locations":[{"start":{"line":258,"column":8},"end":{"line":258,"column":8},"skip":true},{"start":{"line":258,"column":8},"end":{"line":258,"column":8},"skip":true}]},"19":{"line":275,"type":"switch","locations":[{"start":{"line":276,"column":20},"end":{"line":277,"column":64},"skip":true},{"start":{"line":278,"column":20},"end":{"line":279,"column":40},"skip":true},{"start":{"line":280,"column":20},"end":{"line":281,"column":40},"skip":true},{"start":{"line":282,"column":20},"end":{"line":283,"column":39},"skip":true}]},"20":{"line":288,"type":"if","locations":[{"start":{"line":288,"column":8},"end":{"line":288,"column":8},"skip":true},{"start":{"line":288,"column":8},"end":{"line":288,"column":8},"skip":true}]},"21":{"line":288,"type":"binary-expr","locations":[{"start":{"line":288,"column":12},"end":{"line":288,"column":40},"skip":true},{"start":{"line":288,"column":44},"end":{"line":288,"column":67},"skip":true}]},"22":{"line":292,"type":"binary-expr","locations":[{"start":{"line":292,"column":12},"end":{"line":292,"column":50},"skip":true},{"start":{"line":293,"column":12},"end":{"line":293,"column":53},"skip":true}]},"23":{"line":297,"type":"binary-expr","locations":[{"start":{"line":297,"column":12},"end":{"line":297,"column":61},"skip":true},{"start":{"line":298,"column":12},"end":{"line":301,"column":36},"skip":true}]},"24":{"line":303,"type":"binary-expr","locations":[{"start":{"line":303,"column":43},"end":{"line":303,"column":75},"skip":true},{"start":{"line":303,"column":79},"end":{"line":303,"column":81},"skip":true}]},"25":{"line":306,"type":"if","locations":[{"start":{"line":306,"column":8},"end":{"line":306,"column":8},"skip":true},{"start":{"line":306,"column":8},"end":{"line":306,"column":8},"skip":true}]},"26":{"line":310,"type":"if","locations":[{"start":{"line":310,"column":8},"end":{"line":310,"column":8},"skip":true},{"start":{"line":310,"column":8},"end":{"line":310,"column":8},"skip":true}]},"27":{"line":313,"type":"binary-expr","locations":[{"start":{"line":313,"column":27},"end":{"line":313,"column":43},"skip":true},{"start":{"line":313,"column":47},"end":{"line":313,"column":53},"skip":true}]},"28":{"line":317,"type":"if","locations":[{"start":{"line":317,"column":12},"end":{"line":317,"column":12},"skip":true},{"start":{"line":317,"column":12},"end":{"line":317,"column":12},"skip":true}]}},"code":["/*","example.js","","quickstart example","","instruction","    1. save this script as example.js","    2. run the shell command:","        $ npm install npmtest-vmd && PORT=8081 node example.js","    3. play with the browser-demo on http://127.0.0.1:8081","*/","","","","/* istanbul instrument in package npmtest_vmd */","/*jslint","    bitwise: true,","    browser: true,","    maxerr: 8,","    maxlen: 96,","    node: true,","    nomen: true,","    regexp: true,","    stupid: true","*/","(function () {","    'use strict';","    var local;","","","","    // run shared js-env code - pre-init","    (function () {","        // init local","        local = {};","        // init modeJs","        local.modeJs = (function () {","            try {","                return typeof navigator.userAgent === 'string' &&","                    typeof document.querySelector('body') === 'object' &&","                    typeof XMLHttpRequest.prototype.open === 'function' &&","                    'browser';","            } catch (errorCaughtBrowser) {","                return module.exports &&","                    typeof process.versions.node === 'string' &&","                    typeof require('http').createServer === 'function' &&","                    'node';","            }","        }());","        // init global","        local.global = local.modeJs === 'browser'","            ? window","            : global;","        // init utility2_rollup","        local = local.global.utility2_rollup || (local.modeJs === 'browser'","            ? local.global.utility2_npmtest_vmd","            : global.utility2_moduleExports);","        // export local","        local.global.local = local;","    }());","    switch (local.modeJs) {","","","","    // post-init","    // run browser js-env code - post-init","    /* istanbul ignore next */","    case 'browser':","        local.testRunBrowser = function (event) {","            if (!event || (event &&","                    event.currentTarget &&","                    event.currentTarget.className &&","                    event.currentTarget.className.includes &&","                    event.currentTarget.className.includes('onreset'))) {","                // reset output","                Array.from(","                    document.querySelectorAll('body > .resettable')","                ).forEach(function (element) {","                    switch (element.tagName) {","                    case 'INPUT':","                    case 'TEXTAREA':","                        element.value = '';","                        break;","                    default:","                        element.textContent = '';","                    }","                });","            }","            switch (event && event.currentTarget && event.currentTarget.id) {","            case 'testRunButton1':","                // show tests","                if (document.querySelector('#testReportDiv1').style.display === 'none') {","                    document.querySelector('#testReportDiv1').style.display = 'block';","                    document.querySelector('#testRunButton1').textContent =","                        'hide internal test';","                    local.modeTest = true;","                    local.testRunDefault(local);","                // hide tests","                } else {","                    document.querySelector('#testReportDiv1').style.display = 'none';","                    document.querySelector('#testRunButton1').textContent = 'run internal test';","                }","                break;","            // custom-case","            default:","                break;","            }","            if (document.querySelector('#inputTextareaEval1') && (!event || (event &&","                    event.currentTarget &&","                    event.currentTarget.className &&","                    event.currentTarget.className.includes &&","                    event.currentTarget.className.includes('oneval')))) {","                // try to eval input-code","                try {","                    /*jslint evil: true*/","                    eval(document.querySelector('#inputTextareaEval1').value);","                } catch (errorCaught) {","                    console.error(errorCaught);","                }","            }","        };","        // log stderr and stdout to #outputTextareaStdout1","        ['error', 'log'].forEach(function (key) {","            console[key + '_original'] = console[key];","            console[key] = function () {","                var element;","                console[key + '_original'].apply(console, arguments);","                element = document.querySelector('#outputTextareaStdout1');","                if (!element) {","                    return;","                }","                // append text to #outputTextareaStdout1","                element.value += Array.from(arguments).map(function (arg) {","                    return typeof arg === 'string'","                        ? arg","                        : JSON.stringify(arg, null, 4);","                }).join(' ') + '\\n';","                // scroll textarea to bottom","                element.scrollTop = element.scrollHeight;","            };","        });","        // init event-handling","        ['change', 'click', 'keyup'].forEach(function (event) {","            Array.from(document.querySelectorAll('.on' + event)).forEach(function (element) {","                element.addEventListener(event, local.testRunBrowser);","            });","        });","        // run tests","        local.testRunBrowser();","        break;","","","","    // run node js-env code - post-init","    /* istanbul ignore next */","    case 'node':","        // export local","        module.exports = local;","        // require modules","        local.fs = require('fs');","        local.http = require('http');","        local.url = require('url');","        // init assets","        local.assetsDict = local.assetsDict || {};","        /* jslint-ignore-begin */","        local.assetsDict['/assets.index.template.html'] = '\\","<!doctype html>\\n\\","<html lang=\"en\">\\n\\","<head>\\n\\","<meta charset=\"UTF-8\">\\n\\","<meta name=\"viewport\" content=\"width=device-width, initial-scale=1\">\\n\\","<title>{{env.npm_package_name}} (v{{env.npm_package_version}})</title>\\n\\","<style>\\n\\","/*csslint\\n\\","    box-sizing: false,\\n\\","    universal-selector: false\\n\\","*/\\n\\","* {\\n\\","    box-sizing: border-box;\\n\\","}\\n\\","body {\\n\\","    background: #dde;\\n\\","    font-family: Arial, Helvetica, sans-serif;\\n\\","    margin: 2rem;\\n\\","}\\n\\","body > * {\\n\\","    margin-bottom: 1rem;\\n\\","}\\n\\",".utility2FooterDiv {\\n\\","    margin-top: 20px;\\n\\","    text-align: center;\\n\\","}\\n\\","</style>\\n\\","<style>\\n\\","/*csslint\\n\\","*/\\n\\","textarea {\\n\\","    font-family: monospace;\\n\\","    height: 10rem;\\n\\","    width: 100%;\\n\\","}\\n\\","textarea[readonly] {\\n\\","    background: #ddd;\\n\\","}\\n\\","</style>\\n\\","</head>\\n\\","<body>\\n\\","<!-- utility2-comment\\n\\","<div id=\"ajaxProgressDiv1\" style=\"background: #d00; height: 2px; left: 0; margin: 0; padding: 0; position: fixed; top: 0; transition: background 0.5s, width 1.5s; width: 25%;\"></div>\\n\\","utility2-comment -->\\n\\","<h1>\\n\\","<!-- utility2-comment\\n\\","    <a\\n\\","        {{#if env.npm_package_homepage}}\\n\\","        href=\"{{env.npm_package_homepage}}\"\\n\\","        {{/if env.npm_package_homepage}}\\n\\","        target=\"_blank\"\\n\\","    >\\n\\","utility2-comment -->\\n\\","        {{env.npm_package_name}} (v{{env.npm_package_version}})\\n\\","<!-- utility2-comment\\n\\","    </a>\\n\\","utility2-comment -->\\n\\","</h1>\\n\\","<h3>{{env.npm_package_description}}</h3>\\n\\","<!-- utility2-comment\\n\\","<h4><a download href=\"assets.app.js\">download standalone app</a></h4>\\n\\","<button class=\"onclick onreset\" id=\"testRunButton1\">run internal test</button><br>\\n\\","<div id=\"testReportDiv1\" style=\"display: none;\"></div>\\n\\","utility2-comment -->\\n\\","\\n\\","\\n\\","\\n\\","<label>stderr and stdout</label>\\n\\","<textarea class=\"resettable\" id=\"outputTextareaStdout1\" readonly></textarea>\\n\\","<!-- utility2-comment\\n\\","{{#if isRollup}}\\n\\","<script src=\"assets.app.js\"></script>\\n\\","{{#unless isRollup}}\\n\\","utility2-comment -->\\n\\","<script src=\"assets.utility2.rollup.js\"></script>\\n\\","<script src=\"jsonp.utility2._stateInit?callback=window.utility2._stateInit\"></script>\\n\\","<script src=\"assets.npmtest_vmd.rollup.js\"></script>\\n\\","<script src=\"assets.example.js\"></script>\\n\\","<script src=\"assets.test.js\"></script>\\n\\","<!-- utility2-comment\\n\\","{{/if isRollup}}\\n\\","utility2-comment -->\\n\\","<div class=\"utility2FooterDiv\">\\n\\","    [ this app was created with\\n\\","    <a href=\"https://github.com/kaizhu256/node-utility2\" target=\"_blank\">utility2</a>\\n\\","    ]\\n\\","</div>\\n\\","</body>\\n\\","</html>\\n\\","';","        /* jslint-ignore-end */","        if (local.templateRender) {","            local.assetsDict['/'] = local.templateRender(","                local.assetsDict['/assets.index.template.html'],","                {","                    env: local.objectSetDefault(local.env, {","                        npm_package_description: 'the greatest app in the world!',","                        npm_package_name: 'my-app',","                        npm_package_nameAlias: 'my_app',","                        npm_package_version: '0.0.1'","                    })","                }","            );","        } else {","            local.assetsDict['/'] = local.assetsDict['/assets.index.template.html']","                .replace((/\\{\\{env\\.(\\w+?)\\}\\}/g), function (match0, match1) {","                    // jslint-hack","                    String(match0);","                    switch (match1) {","                    case 'npm_package_description':","                        return 'the greatest app in the world!';","                    case 'npm_package_name':","                        return 'my-app';","                    case 'npm_package_nameAlias':","                        return 'my_app';","                    case 'npm_package_version':","                        return '0.0.1';","                    }","                });","        }","        // run the cli","        if (local.global.utility2_rollup || module !== require.main) {","            break;","        }","        local.assetsDict['/assets.example.js'] =","            local.assetsDict['/assets.example.js'] ||","            local.fs.readFileSync(__filename, 'utf8');","        // bug-workaround - long $npm_package_buildCustomOrg","        /* jslint-ignore-begin */","        local.assetsDict['/assets.npmtest_vmd.rollup.js'] =","            local.assetsDict['/assets.npmtest_vmd.rollup.js'] ||","            local.fs.readFileSync(","                local.npmtest_vmd.__dirname + '/lib.npmtest_vmd.js',","                'utf8'","            ).replace((/^#!/), '//');","        /* jslint-ignore-end */","        local.assetsDict['/favicon.ico'] = local.assetsDict['/favicon.ico'] || '';","        // if $npm_config_timeout_exit exists,","        // then exit this process after $npm_config_timeout_exit ms","        if (Number(process.env.npm_config_timeout_exit)) {","            setTimeout(process.exit, Number(process.env.npm_config_timeout_exit));","        }","        // start server","        if (local.global.utility2_serverHttp1) {","            break;","        }","        process.env.PORT = process.env.PORT || '8081';","        console.error('server starting on port ' + process.env.PORT);","        local.http.createServer(function (request, response) {","            request.urlParsed = local.url.parse(request.url);","            if (local.assetsDict[request.urlParsed.pathname] !== undefined) {","                response.end(local.assetsDict[request.urlParsed.pathname]);","                return;","            }","            response.statusCode = 404;","            response.end();","        }).listen(process.env.PORT);","        break;","    }","}());",""],"l":{"26":2,"28":2,"33":2,"35":2,"37":2,"38":2,"39":2,"44":1,"51":2,"55":2,"59":2,"61":2,"69":1,"70":2,"76":2,"79":2,"82":2,"83":2,"85":1,"89":2,"92":1,"93":1,"94":1,"96":1,"97":1,"100":1,"101":1,"103":1,"106":1,"108":2,"114":1,"116":1,"118":1,"123":1,"124":2,"125":2,"126":3,"127":3,"128":3,"129":3,"130":1,"133":3,"134":3,"139":3,"143":1,"144":3,"145":1,"149":1,"150":1,"158":1,"160":1,"161":1,"162":1,"164":1,"166":1,"258":1,"259":1,"271":1,"274":6,"275":6,"277":1,"279":2,"281":1,"283":2,"288":1,"289":1,"291":1,"296":1,"303":1,"306":1,"307":1,"310":1,"311":1,"313":1,"314":1,"315":1,"316":1,"317":1,"318":1,"319":1,"321":1,"322":1,"324":1}},"/home/travis/build/npmtest/node-npmtest-vmd/node_modules/vmd/main/main.js":{"path":"/home/travis/build/npmtest/node-npmtest-vmd/node_modules/vmd/main/main.js","s":{"1":2,"2":2,"3":2,"4":2,"5":2,"6":2,"7":2,"8":2,"9":2,"10":0,"11":0,"12":0,"13":0,"14":0,"15":0,"16":0,"17":0,"18":0,"19":0,"20":0,"21":0,"22":0,"23":0,"24":0,"25":0,"26":0,"27":0,"28":0,"29":0,"30":0,"31":0,"32":0,"33":0,"34":0,"35":0,"36":0,"37":0,"38":0,"39":0,"40":0,"41":0,"42":0,"43":0,"44":0,"45":0,"46":0,"47":0,"48":0,"49":0,"50":0,"51":0,"52":0,"53":0,"54":0,"55":0,"56":0,"57":0,"58":0,"59":0,"60":0,"61":0,"62":1,"63":0,"64":0,"65":0,"66":0,"67":0,"68":1,"69":0,"70":0,"71":0,"72":0,"73":0,"74":0,"75":0,"76":1,"77":0,"78":0,"79":0,"80":0,"81":0,"82":0,"83":0,"84":1,"85":0,"86":0,"87":0,"88":0,"89":0,"90":0,"91":0,"92":0,"93":0,"94":0,"95":0,"96":0,"97":0,"98":0,"99":0,"100":0,"101":0,"102":0,"103":0,"104":0,"105":0,"106":0,"107":0,"108":0},"b":{"1":[0,0],"2":[0,0],"3":[0,0],"4":[0,0],"5":[0,0],"6":[0,0],"7":[0,0],"8":[0,0],"9":[0,0],"10":[0,0],"11":[0,0],"12":[0,0],"13":[0,0],"14":[0,0],"15":[0,0],"16":[0,0],"17":[0,0],"18":[0,0],"19":[0,0],"20":[0,0],"21":[0,0],"22":[0,0],"23":[0,0],"24":[0,0],"25":[0,0],"26":[0,0],"27":[0,0],"28":[0,0],"29":[0,0],"30":[0,0],"31":[0,0]},"f":{"1":0,"2":0,"3":0,"4":0,"5":0,"6":0,"7":0,"8":0,"9":0,"10":0,"11":0,"12":0,"13":0,"14":0,"15":0,"16":0,"17":0,"18":0,"19":0,"20":0,"21":0,"22":0,"23":0,"24":0,"25":0,"26":0},"fnMap":{"1":{"name":"(anonymous_1)","line":42,"loc":{"start":{"line":42,"column":13},"end":{"line":42,"column":29}}},"2":{"name":"(anonymous_2)","line":76,"loc":{"start":{"line":76,"column":28},"end":{"line":76,"column":40}}},"3":{"name":"(anonymous_3)","line":80,"loc":{"start":{"line":80,"column":16},"end":{"line":80,"column":28}}},"4":{"name":"(anonymous_4)","line":86,"loc":{"start":{"line":86,"column":12},"end":{"line":86,"column":28}}},"5":{"name":"createWindowOptions","line":98,"loc":{"start":{"line":98,"column":0},"end":{"line":98,"column":55}}},"6":{"name":"registerEmojiProtocol","line":118,"loc":{"start":{"line":118,"column":0},"end":{"line":118,"column":34}}},"7":{"name":"(anonymous_7)","line":124,"loc":{"start":{"line":124,"column":4},"end":{"line":124,"column":29}}},"8":{"name":"(anonymous_8)","line":130,"loc":{"start":{"line":130,"column":4},"end":{"line":130,"column":19}}},"9":{"name":"openFileDialog","line":138,"loc":{"start":{"line":138,"column":0},"end":{"line":138,"column":47}}},"10":{"name":"(anonymous_10)","line":154,"loc":{"start":{"line":154,"column":51},"end":{"line":154,"column":72}}},"11":{"name":"addApplicationMenu","line":167,"loc":{"start":{"line":167,"column":0},"end":{"line":167,"column":31}}},"12":{"name":"(anonymous_12)","line":178,"loc":{"start":{"line":178,"column":13},"end":{"line":178,"column":25}}},"13":{"name":"(anonymous_13)","line":208,"loc":{"start":{"line":208,"column":17},"end":{"line":208,"column":45}}},"14":{"name":"(anonymous_14)","line":215,"loc":{"start":{"line":215,"column":17},"end":{"line":215,"column":45}}},"15":{"name":"(anonymous_15)","line":222,"loc":{"start":{"line":222,"column":17},"end":{"line":222,"column":45}}},"16":{"name":"(anonymous_16)","line":235,"loc":{"start":{"line":235,"column":19},"end":{"line":235,"column":36}}},"17":{"name":"(anonymous_17)","line":252,"loc":{"start":{"line":252,"column":17},"end":{"line":252,"column":45}}},"18":{"name":"(anonymous_18)","line":255,"loc":{"start":{"line":255,"column":19},"end":{"line":255,"column":36}}},"19":{"name":"(anonymous_19)","line":262,"loc":{"start":{"line":262,"column":17},"end":{"line":262,"column":45}}},"20":{"name":"(anonymous_20)","line":265,"loc":{"start":{"line":265,"column":19},"end":{"line":265,"column":36}}},"21":{"name":"(anonymous_21)","line":277,"loc":{"start":{"line":277,"column":17},"end":{"line":277,"column":45}}},"22":{"name":"(anonymous_22)","line":284,"loc":{"start":{"line":284,"column":17},"end":{"line":284,"column":45}}},"23":{"name":"(anonymous_23)","line":291,"loc":{"start":{"line":291,"column":17},"end":{"line":291,"column":45}}},"24":{"name":"(anonymous_24)","line":297,"loc":{"start":{"line":297,"column":24},"end":{"line":297,"column":36}}},"25":{"name":"(anonymous_25)","line":304,"loc":{"start":{"line":304,"column":17},"end":{"line":304,"column":45}}},"26":{"name":"(anonymous_26)","line":314,"loc":{"start":{"line":314,"column":24},"end":{"line":314,"column":36}}}},"statementMap":{"1":{"start":{"line":1,"column":0},"end":{"line":1,"column":24}},"2":{"start":{"line":2,"column":0},"end":{"line":2,"column":28}},"3":{"start":{"line":3,"column":0},"end":{"line":3,"column":26}},"4":{"start":{"line":4,"column":0},"end":{"line":4,"column":35}},"5":{"start":{"line":5,"column":0},"end":{"line":5,"column":41}},"6":{"start":{"line":6,"column":0},"end":{"line":6,"column":37}},"7":{"start":{"line":7,"column":0},"end":{"line":7,"column":37}},"8":{"start":{"line":8,"column":0},"end":{"line":8,"column":38}},"9":{"start":{"line":9,"column":0},"end":{"line":9,"column":47}},"10":{"start":{"line":10,"column":0},"end":{"line":10,"column":46}},"11":{"start":{"line":11,"column":0},"end":{"line":11,"column":34}},"12":{"start":{"line":12,"column":0},"end":{"line":12,"column":53}},"13":{"start":{"line":13,"column":0},"end":{"line":13,"column":51}},"14":{"start":{"line":15,"column":0},"end":{"line":15,"column":98}},"15":{"start":{"line":16,"column":0},"end":{"line":16,"column":76}},"16":{"start":{"line":18,"column":0},"end":{"line":21,"column":1}},"17":{"start":{"line":19,"column":2},"end":{"line":19,"column":80}},"18":{"start":{"line":20,"column":2},"end":{"line":20,"column":13}},"19":{"start":{"line":23,"column":0},"end":{"line":26,"column":1}},"20":{"start":{"line":24,"column":2},"end":{"line":24,"column":26}},"21":{"start":{"line":25,"column":2},"end":{"line":25,"column":13}},"22":{"start":{"line":28,"column":0},"end":{"line":37,"column":1}},"23":{"start":{"line":29,"column":2},"end":{"line":29,"column":40}},"24":{"start":{"line":30,"column":2},"end":{"line":30,"column":57}},"25":{"start":{"line":31,"column":2},"end":{"line":31,"column":53}},"26":{"start":{"line":32,"column":2},"end":{"line":32,"column":55}},"27":{"start":{"line":33,"column":2},"end":{"line":33,"column":51}},"28":{"start":{"line":34,"column":2},"end":{"line":34,"column":56}},"29":{"start":{"line":35,"column":2},"end":{"line":35,"column":53}},"30":{"start":{"line":36,"column":2},"end":{"line":36,"column":13}},"31":{"start":{"line":39,"column":0},"end":{"line":46,"column":1}},"32":{"start":{"line":40,"column":2},"end":{"line":40,"column":47}},"33":{"start":{"line":41,"column":2},"end":{"line":44,"column":6}},"34":{"start":{"line":43,"column":6},"end":{"line":43,"column":31}},"35":{"start":{"line":45,"column":2},"end":{"line":45,"column":13}},"36":{"start":{"line":48,"column":0},"end":{"line":48,"column":72}},"37":{"start":{"line":49,"column":0},"end":{"line":49,"column":27}},"38":{"start":{"line":51,"column":0},"end":{"line":73,"column":1}},"39":{"start":{"line":52,"column":2},"end":{"line":72,"column":3}},"40":{"start":{"line":53,"column":4},"end":{"line":53,"column":50}},"41":{"start":{"line":55,"column":4},"end":{"line":58,"column":5}},"42":{"start":{"line":56,"column":6},"end":{"line":56,"column":54}},"43":{"start":{"line":57,"column":6},"end":{"line":57,"column":34}},"44":{"start":{"line":60,"column":4},"end":{"line":63,"column":5}},"45":{"start":{"line":61,"column":6},"end":{"line":61,"column":65}},"46":{"start":{"line":62,"column":6},"end":{"line":62,"column":17}},"47":{"start":{"line":65,"column":4},"end":{"line":71,"column":5}},"48":{"start":{"line":67,"column":6},"end":{"line":67,"column":32}},"49":{"start":{"line":69,"column":6},"end":{"line":69,"column":62}},"50":{"start":{"line":70,"column":6},"end":{"line":70,"column":17}},"51":{"start":{"line":76,"column":0},"end":{"line":78,"column":2}},"52":{"start":{"line":77,"column":2},"end":{"line":77,"column":12}},"53":{"start":{"line":80,"column":0},"end":{"line":96,"column":2}},"54":{"start":{"line":81,"column":2},"end":{"line":81,"column":25}},"55":{"start":{"line":82,"column":2},"end":{"line":82,"column":22}},"56":{"start":{"line":84,"column":2},"end":{"line":95,"column":3}},"57":{"start":{"line":85,"column":4},"end":{"line":92,"column":8}},"58":{"start":{"line":87,"column":8},"end":{"line":89,"column":9}},"59":{"start":{"line":88,"column":10},"end":{"line":88,"column":73}},"60":{"start":{"line":91,"column":8},"end":{"line":91,"column":65}},"61":{"start":{"line":94,"column":4},"end":{"line":94,"column":53}},"62":{"start":{"line":98,"column":0},"end":{"line":116,"column":1}},"63":{"start":{"line":99,"column":2},"end":{"line":107,"column":3}},"64":{"start":{"line":109,"column":2},"end":{"line":113,"column":3}},"65":{"start":{"line":110,"column":4},"end":{"line":110,"column":42}},"66":{"start":{"line":112,"column":4},"end":{"line":112,"column":42}},"67":{"start":{"line":115,"column":2},"end":{"line":115,"column":22}},"68":{"start":{"line":118,"column":0},"end":{"line":136,"column":1}},"69":{"start":{"line":119,"column":2},"end":{"line":119,"column":47}},"70":{"start":{"line":120,"column":2},"end":{"line":120,"column":102}},"71":{"start":{"line":122,"column":2},"end":{"line":135,"column":3}},"72":{"start":{"line":125,"column":6},"end":{"line":125,"column":45}},"73":{"start":{"line":126,"column":6},"end":{"line":128,"column":8}},"74":{"start":{"line":131,"column":6},"end":{"line":133,"column":7}},"75":{"start":{"line":132,"column":8},"end":{"line":132,"column":52}},"76":{"start":{"line":138,"column":0},"end":{"line":165,"column":1}},"77":{"start":{"line":139,"column":2},"end":{"line":152,"column":3}},"78":{"start":{"line":154,"column":2},"end":{"line":164,"column":4}},"79":{"start":{"line":155,"column":4},"end":{"line":157,"column":5}},"80":{"start":{"line":156,"column":6},"end":{"line":156,"column":12}},"81":{"start":{"line":159,"column":4},"end":{"line":161,"column":5}},"82":{"start":{"line":160,"column":6},"end":{"line":160,"column":58}},"83":{"start":{"line":163,"column":4},"end":{"line":163,"column":57}},"84":{"start":{"line":167,"column":0},"end":{"line":319,"column":1}},"85":{"start":{"line":169,"column":2},"end":{"line":182,"column":3}},"86":{"start":{"line":179,"column":8},"end":{"line":179,"column":18}},"87":{"start":{"line":184,"column":2},"end":{"line":194,"column":3}},"88":{"start":{"line":185,"column":4},"end":{"line":193,"column":24}},"89":{"start":{"line":197,"column":2},"end":{"line":310,"column":3}},"90":{"start":{"line":209,"column":12},"end":{"line":209,"column":38}},"91":{"start":{"line":216,"column":12},"end":{"line":216,"column":37}},"92":{"start":{"line":223,"column":12},"end":{"line":223,"column":48}},"93":{"start":{"line":236,"column":12},"end":{"line":236,"column":45}},"94":{"start":{"line":253,"column":12},"end":{"line":253,"column":55}},"95":{"start":{"line":256,"column":12},"end":{"line":256,"column":59}},"96":{"start":{"line":263,"column":12},"end":{"line":263,"column":58}},"97":{"start":{"line":266,"column":12},"end":{"line":266,"column":62}},"98":{"start":{"line":278,"column":12},"end":{"line":278,"column":50}},"99":{"start":{"line":285,"column":12},"end":{"line":285,"column":51}},"100":{"start":{"line":292,"column":12},"end":{"line":292,"column":53}},"101":{"start":{"line":298,"column":12},"end":{"line":302,"column":13}},"102":{"start":{"line":299,"column":14},"end":{"line":299,"column":36}},"103":{"start":{"line":301,"column":14},"end":{"line":301,"column":35}},"104":{"start":{"line":305,"column":12},"end":{"line":305,"column":39}},"105":{"start":{"line":312,"column":2},"end":{"line":312,"column":37}},"106":{"start":{"line":314,"column":2},"end":{"line":316,"column":4}},"107":{"start":{"line":315,"column":4},"end":{"line":315,"column":58}},"108":{"start":{"line":318,"column":2},"end":{"line":318,"column":41}}},"branchMap":{"1":{"line":18,"type":"if","locations":[{"start":{"line":18,"column":0},"end":{"line":18,"column":0}},{"start":{"line":18,"column":0},"end":{"line":18,"column":0}}]},"2":{"line":23,"type":"if","locations":[{"start":{"line":23,"column":0},"end":{"line":23,"column":0}},{"start":{"line":23,"column":0},"end":{"line":23,"column":0}}]},"3":{"line":28,"type":"if","locations":[{"start":{"line":28,"column":0},"end":{"line":28,"column":0}},{"start":{"line":28,"column":0},"end":{"line":28,"column":0}}]},"4":{"line":39,"type":"if","locations":[{"start":{"line":39,"column":0},"end":{"line":39,"column":0}},{"start":{"line":39,"column":0},"end":{"line":39,"column":0}}]},"5":{"line":48,"type":"binary-expr","locations":[{"start":{"line":48,"column":15},"end":{"line":48,"column":24}},{"start":{"line":48,"column":29},"end":{"line":48,"column":71}}]},"6":{"line":48,"type":"cond-expr","locations":[{"start":{"line":48,"column":51},"end":{"line":48,"column":64}},{"start":{"line":48,"column":67},"end":{"line":48,"column":71}}]},"7":{"line":51,"type":"if","locations":[{"start":{"line":51,"column":0},"end":{"line":51,"column":0}},{"start":{"line":51,"column":0},"end":{"line":51,"column":0}}]},"8":{"line":55,"type":"if","locations":[{"start":{"line":55,"column":4},"end":{"line":55,"column":4}},{"start":{"line":55,"column":4},"end":{"line":55,"column":4}}]},"9":{"line":60,"type":"if","locations":[{"start":{"line":60,"column":4},"end":{"line":60,"column":4}},{"start":{"line":60,"column":4},"end":{"line":60,"column":4}}]},"10":{"line":65,"type":"if","locations":[{"start":{"line":65,"column":4},"end":{"line":65,"column":4}},{"start":{"line":65,"column":4},"end":{"line":65,"column":4}}]},"11":{"line":84,"type":"if","locations":[{"start":{"line":84,"column":2},"end":{"line":84,"column":2}},{"start":{"line":84,"column":2},"end":{"line":84,"column":2}}]},"12":{"line":87,"type":"if","locations":[{"start":{"line":87,"column":8},"end":{"line":87,"column":8}},{"start":{"line":87,"column":8},"end":{"line":87,"column":8}}]},"13":{"line":109,"type":"if","locations":[{"start":{"line":109,"column":2},"end":{"line":109,"column":2}},{"start":{"line":109,"column":2},"end":{"line":109,"column":2}}]},"14":{"line":131,"type":"if","locations":[{"start":{"line":131,"column":6},"end":{"line":131,"column":6}},{"start":{"line":131,"column":6},"end":{"line":131,"column":6}}]},"15":{"line":154,"type":"binary-expr","locations":[{"start":{"line":154,"column":2},"end":{"line":154,"column":5}},{"start":{"line":154,"column":9},"end":{"line":164,"column":4}}]},"16":{"line":155,"type":"if","locations":[{"start":{"line":155,"column":4},"end":{"line":155,"column":4}},{"start":{"line":155,"column":4},"end":{"line":155,"column":4}}]},"17":{"line":155,"type":"binary-expr","locations":[{"start":{"line":155,"column":8},"end":{"line":155,"column":33}},{"start":{"line":155,"column":37},"end":{"line":155,"column":54}}]},"18":{"line":159,"type":"if","locations":[{"start":{"line":159,"column":4},"end":{"line":159,"column":4}},{"start":{"line":159,"column":4},"end":{"line":159,"column":4}}]},"19":{"line":184,"type":"if","locations":[{"start":{"line":184,"column":2},"end":{"line":184,"column":2}},{"start":{"line":184,"column":2},"end":{"line":184,"column":2}}]},"20":{"line":223,"type":"binary-expr","locations":[{"start":{"line":223,"column":12},"end":{"line":223,"column":15}},{"start":{"line":223,"column":19},"end":{"line":223,"column":48}}]},"21":{"line":236,"type":"binary-expr","locations":[{"start":{"line":236,"column":19},"end":{"line":236,"column":24}},{"start":{"line":236,"column":28},"end":{"line":236,"column":45}}]},"22":{"line":253,"type":"binary-expr","locations":[{"start":{"line":253,"column":12},"end":{"line":253,"column":15}},{"start":{"line":253,"column":19},"end":{"line":253,"column":55}}]},"23":{"line":256,"type":"binary-expr","locations":[{"start":{"line":256,"column":19},"end":{"line":256,"column":32}},{"start":{"line":256,"column":36},"end":{"line":256,"column":59}}]},"24":{"line":263,"type":"binary-expr","locations":[{"start":{"line":263,"column":12},"end":{"line":263,"column":15}},{"start":{"line":263,"column":19},"end":{"line":263,"column":58}}]},"25":{"line":266,"type":"binary-expr","locations":[{"start":{"line":266,"column":19},"end":{"line":266,"column":32}},{"start":{"line":266,"column":36},"end":{"line":266,"column":62}}]},"26":{"line":278,"type":"binary-expr","locations":[{"start":{"line":278,"column":12},"end":{"line":278,"column":15}},{"start":{"line":278,"column":19},"end":{"line":278,"column":50}}]},"27":{"line":285,"type":"binary-expr","locations":[{"start":{"line":285,"column":12},"end":{"line":285,"column":15}},{"start":{"line":285,"column":19},"end":{"line":285,"column":51}}]},"28":{"line":292,"type":"binary-expr","locations":[{"start":{"line":292,"column":12},"end":{"line":292,"column":15}},{"start":{"line":292,"column":19},"end":{"line":292,"column":53}}]},"29":{"line":298,"type":"if","locations":[{"start":{"line":298,"column":12},"end":{"line":298,"column":12}},{"start":{"line":298,"column":12},"end":{"line":298,"column":12}}]},"30":{"line":305,"type":"binary-expr","locations":[{"start":{"line":305,"column":12},"end":{"line":305,"column":15}},{"start":{"line":305,"column":19},"end":{"line":305,"column":39}}]},"31":{"line":315,"type":"binary-expr","locations":[{"start":{"line":315,"column":16},"end":{"line":315,"column":51}},{"start":{"line":315,"column":55},"end":{"line":315,"column":57}}]}},"code":["const fs = require('fs')","const path = require('path')","const url = require('url')","const app = require('electron').app","const dialog = require('electron').dialog","const Menu = require('electron').Menu","const getStdin = require('get-stdin')","const pkg = require('../package.json')","const createWindow = require('./create-window')","const conf = global.conf = require('./config')","const styles = require('./styles')","const sharedState = require('../shared/shared-state')","const createMenu = require('../shared/create-menu')","","const markdownExtensions = [ 'markdown', 'mdown', 'mkdn', 'md', 'mkd', 'mdwn', 'mdtxt', 'mdtext' ]","const defaultFilePath = path.join(__dirname, '..', 'renderer', 'default.md')","","if (conf.help) {","  console.log(fs.readFileSync(path.join(__dirname, '..', 'usage.txt'), 'utf-8'))","  app.exit(0)","}","","if (conf.version) {","  console.log(pkg.version)","  app.exit(0)","}","","if (conf.versions) {","  console.log('vmd:      ', pkg.version)","  console.log('electron: ', process.versions['electron'])","  console.log('node:     ', process.versions['node'])","  console.log('chrome:   ', process.versions['chrome'])","  console.log('v8:       ', process.versions['v8'])","  console.log('openssl:  ', process.versions['openssl'])","  console.log('zlib:     ', process.versions['zlib'])","  app.exit(0)","}","","if (conf.get('list.highlight.themes')) {","  console.log('Available highlight.js themes:')","  styles.getHighlightThemes()","    .forEach(function (name) {","      console.log(' - ' + name)","    })","  app.exit(0)","}","","var filePath = conf._[0] || (process.stdin.isTTY ? conf.document : null)","const fromFile = !!filePath","","if (fromFile) {","  try {","    var stat = fs.statSync(path.resolve(filePath))","","    if (stat.isDirectory()) {","      filePath = path.resolve(filePath, conf.document)","      stat = fs.statSync(filePath)","    }","","    if (stat.isDirectory()) {","      console.error('Cannot open', filePath + ': is a directory')","      app.exit(1)","    }","  } catch (ex) {","    if (ex.code === 'ENOENT') {","      // use default window since no file was provided","      filePath = defaultFilePath","    } else {","      console.error('Cannot open', filePath + ':', ex.message)","      app.exit(1)","    }","  }","}","","// Quit when all windows are closed.","app.on('window-all-closed', function () {","  app.quit()","})","","app.on('ready', function () {","  registerEmojiProtocol()","  addApplicationMenu()","","  if (!fromFile) {","    getStdin()","      .then(function (body) {","        if (!body) {","          return createWindow(createWindowOptions(true, defaultFilePath))","        }","","        createWindow(createWindowOptions(false, body.toString()))","      })","  } else {","    createWindow(createWindowOptions(true, filePath))","  }","})","","function createWindowOptions (fromFile, fileOrContent) {","  var windowOptions = {","    devTools: conf.devtools,","    title: conf.title,","    window: conf.window,","    mainStylesheet: conf.get('styles.main'),","    extraStylesheet: conf.get('styles.extra'),","    highlightTheme: conf.get('highlight.theme'),","    highlightStylesheet: conf.get('highlight.stylesheet')","  }","","  if (fromFile) {","    windowOptions.filePath = fileOrContent","  } else {","    windowOptions.contents = fileOrContent","  }","","  return windowOptions","}","","function registerEmojiProtocol () {","  const protocol = require('electron').protocol","  const emojiPath = path.resolve(path.dirname(require.resolve('emojify.js')), '..', 'images', 'basic')","","  protocol.registerFileProtocol(","    'emoji',","    function (req, callback) {","      var emoji = url.parse(req.url).hostname","      callback({","        path: path.join(emojiPath, emoji + '.png')","      })","    },","    function (err) {","      if (err) {","        console.error('failed to register protocol')","      }","    }","  )","}","","function openFileDialog (win, openInNewWindow) {","  var dialogOptions = {","    title: 'Select markdown file',","    properties: [ 'openFile' ],","    filters: [","      {","        name: 'Markdown',","        extensions: markdownExtensions","      },","      {","        name: 'Al files',","        extensions: [ '*' ]","      }","    ]","  }","","  win && dialog.showOpenDialog(win, dialogOptions, function (filePaths) {","    if (!Array.isArray(filePaths) || !filePaths.length) {","      return","    }","","    if (!openInNewWindow) {","      return sharedState.setFilePath(win.id, filePaths[0])","    }","","    createWindow(createWindowOptions(true, filePaths[0]))","  })","}","","function addApplicationMenu () {","  // menu","  var vmdSubmenu = [","    {","      label: 'Close window',","      accelerator: 'CmdOrCtrl+W',","      role: 'close'","    },","    {","      label: 'Quit',","      accelerator: 'CmdOrCtrl+Q',","      click: function () {","        app.quit()","      }","    }","  ]","","  if (process.platform === 'darwin') {","    vmdSubmenu = [","      {","        label: 'About vmd',","        selector: 'orderFrontStandardAboutPanel:'","      },","      {","        type: 'separator'","      }","    ].concat(vmdSubmenu)","  }","","  // Doc: https://github.com/atom/electron/blob/master/docs/api/menu-item.md","  var template = [","    {","      label: 'vmd',","      submenu: vmdSubmenu","    },","    {","      label: 'File',","      submenu: [","        {","          label: 'Open',","          accelerator: 'CmdOrCtrl+O',","          click: function (model, item, win) {","            openFileDialog(win, false)","          }","        },","        {","          label: 'Open in new window',","          accelerator: 'CmdOrCtrl+Shift+O',","          click: function (model, item, win) {","            openFileDialog(win, true)","          }","        },","        {","          label: 'Print',","          accelerator: 'CmdOrCtrl+P',","          click: function (model, item, win) {","            win && win.webContents.send('print')","          }","        }","      ]","    },","    {","      label: 'Edit',","      submenu: [","        {","          label: 'Copy',","          accelerator: 'CmdOrCtrl+C',","          role: 'copy',","          enabled: function (model) {","            return model && !!model.selection","          }","        },","        {","          label: 'Select All',","          accelerator: 'CmdOrCtrl+A',","          role: 'selectall'","        }","      ]","    },","    {","      label: 'History',","      submenu: [","        {","          label: 'Back',","          accelerator: 'Alt+Left',","          click: function (model, item, win) {","            win && win.webContents.send('history-back')","          },","          enabled: function (model) {","            return model.history && model.history.canGoBack","          }","        },","        {","          label: 'Forward',","          accelerator: 'Alt+Right',","          click: function (model, item, win) {","            win && win.webContents.send('history-forward')","          },","          enabled: function (model) {","            return model.history && model.history.canGoForward","          }","        }","      ]","    },","    {","      label: 'View',","      submenu: [","        {","          label: 'Zoom In',","          accelerator: 'CmdOrCtrl+Plus',","          click: function (model, item, win) {","            win && win.webContents.send('zoom-in')","          }","        },","        {","          label: 'Zoom Out',","          accelerator: 'CmdOrCtrl+-',","          click: function (model, item, win) {","            win && win.webContents.send('zoom-out')","          }","        },","        {","          label: 'Reset Zoom',","          accelerator: 'CmdOrCtrl+0',","          click: function (model, item, win) {","            win && win.webContents.send('zoom-reset')","          }","        },","        {","          label: 'Toggle Developer Tools',","          accelerator: (function () {","            if (process.platform === 'darwin') {","              return 'Alt+Command+I'","            } else {","              return 'Ctrl+Shift+I'","            }","          })(),","          click: function (model, item, win) {","            win && win.toggleDevTools()","          }","        }","      ]","    }","  ]","","  var menu = createMenu(template, {})","","  sharedState.subscribe(function () {","    menu.update(sharedState.getFocusedWindowState() || {})","  })","","  Menu.setApplicationMenu(menu.getMenu())","}",""],"l":{"1":2,"2":2,"3":2,"4":2,"5":2,"6":2,"7":2,"8":2,"9":2,"10":0,"11":0,"12":0,"13":0,"15":0,"16":0,"18":0,"19":0,"20":0,"23":0,"24":0,"25":0,"28":0,"29":0,"30":0,"31":0,"32":0,"33":0,"34":0,"35":0,"36":0,"39":0,"40":0,"41":0,"43":0,"45":0,"48":0,"49":0,"51":0,"52":0,"53":0,"55":0,"56":0,"57":0,"60":0,"61":0,"62":0,"65":0,"67":0,"69":0,"70":0,"76":0,"77":0,"80":0,"81":0,"82":0,"84":0,"85":0,"87":0,"88":0,"91":0,"94":0,"98":1,"99":0,"109":0,"110":0,"112":0,"115":0,"118":1,"119":0,"120":0,"122":0,"125":0,"126":0,"131":0,"132":0,"138":1,"139":0,"154":0,"155":0,"156":0,"159":0,"160":0,"163":0,"167":1,"169":0,"179":0,"184":0,"185":0,"197":0,"209":0,"216":0,"223":0,"236":0,"253":0,"256":0,"263":0,"266":0,"278":0,"285":0,"292":0,"298":0,"299":0,"301":0,"305":0,"312":0,"314":0,"315":0,"318":0}},"/home/travis/build/npmtest/node-npmtest-vmd/node_modules/vmd/node_modules/electron/index.js":{"path":"/home/travis/build/npmtest/node-npmtest-vmd/node_modules/vmd/node_modules/electron/index.js","s":{"1":1,"2":1,"3":1,"4":1,"5":1,"6":0},"b":{"1":[1,0]},"f":{},"fnMap":{},"statementMap":{"1":{"start":{"line":1,"column":0},"end":{"line":1,"column":22}},"2":{"start":{"line":2,"column":0},"end":{"line":2,"column":26}},"3":{"start":{"line":4,"column":0},"end":{"line":4,"column":47}},"4":{"start":{"line":6,"column":0},"end":{"line":10,"column":1}},"5":{"start":{"line":7,"column":2},"end":{"line":7,"column":75}},"6":{"start":{"line":9,"column":2},"end":{"line":9,"column":143}}},"branchMap":{"1":{"line":6,"type":"if","locations":[{"start":{"line":6,"column":0},"end":{"line":6,"column":0}},{"start":{"line":6,"column":0},"end":{"line":6,"column":0}}]}},"code":["var fs = require('fs')","var path = require('path')","","var pathFile = path.join(__dirname, 'path.txt')","","if (fs.existsSync(pathFile)) {","  module.exports = path.join(__dirname, fs.readFileSync(pathFile, 'utf-8'))","} else {","  throw new Error('Electron failed to install correctly, please delete node_modules/' + path.basename(__dirname) + ' and try installing again')","}",""],"l":{"1":1,"2":1,"4":1,"6":1,"7":1,"9":0}},"/home/travis/build/npmtest/node-npmtest-vmd/node_modules/vmd/main/create-window.js":{"path":"/home/travis/build/npmtest/node-npmtest-vmd/node_modules/vmd/main/create-window.js","s":{"1":4,"2":4,"3":4,"4":4,"5":4,"6":4,"7":4,"8":4,"9":4,"10":0,"11":0,"12":0,"13":0,"14":0,"15":0,"16":0,"17":0,"18":0,"19":0,"20":0,"21":0,"22":0,"23":0,"24":0,"25":0,"26":0,"27":0,"28":0,"29":0,"30":0,"31":0,"32":0,"33":0,"34":0,"35":0,"36":0,"37":0,"38":0,"39":0,"40":0,"41":0,"42":0,"43":0,"44":0,"45":0,"46":1,"47":0,"48":0,"49":1,"50":0,"51":0,"52":0,"53":1,"54":0,"55":0,"56":0,"57":0,"58":1,"59":0,"60":0,"61":0,"62":0,"63":0,"64":0,"65":1,"66":0,"67":0,"68":0,"69":0,"70":0,"71":0,"72":0,"73":1,"74":0,"75":0,"76":0,"77":0,"78":0,"79":0,"80":0,"81":0,"82":0,"83":0,"84":0,"85":0,"86":0,"87":0},"b":{"1":[0,0],"2":[0,0],"3":[0,0],"4":[0,0],"5":[0,0],"6":[0,0],"7":[0,0],"8":[0,0],"9":[0,0,0],"10":[0,0],"11":[0,0],"12":[0,0,0],"13":[0,0],"14":[0,0],"15":[0,0],"16":[0,0],"17":[0,0],"18":[0,0],"19":[0,0],"20":[0,0],"21":[0,0],"22":[0,0],"23":[0,0],"24":[0,0]},"f":{"1":0,"2":0,"3":0,"4":0,"5":0,"6":0,"7":0,"8":0,"9":0,"10":0,"11":0,"12":0,"13":0},"fnMap":{"1":{"name":"createWindow","line":18,"loc":{"start":{"line":18,"column":17},"end":{"line":18,"column":49}}},"2":{"name":"(anonymous_2)","line":55,"loc":{"start":{"line":55,"column":19},"end":{"line":55,"column":31}}},"3":{"name":"(anonymous_3)","line":59,"loc":{"start":{"line":59,"column":18},"end":{"line":59,"column":30}}},"4":{"name":"(anonymous_4)","line":82,"loc":{"start":{"line":82,"column":24},"end":{"line":82,"column":36}}},"5":{"name":"onOpenFile","line":94,"loc":{"start":{"line":94,"column":2},"end":{"line":94,"column":37}}},"6":{"name":"onClose","line":102,"loc":{"start":{"line":102,"column":2},"end":{"line":102,"column":22}}},"7":{"name":"updateTitle","line":110,"loc":{"start":{"line":110,"column":2},"end":{"line":110,"column":26}}},"8":{"name":"changeFile","line":123,"loc":{"start":{"line":123,"column":2},"end":{"line":123,"column":33}}},"9":{"name":"sendMarkdown","line":134,"loc":{"start":{"line":134,"column":2},"end":{"line":134,"column":27}}},"10":{"name":"temporarilyInterceptFileProtocol","line":155,"loc":
[...]
tart":{"line":170,"column":6},"end":{"line":172,"column":7}},"62":{"start":{"line":171,"column":8},"end":{"line":171,"column":69}},"63":{"start":{"line":174,"column":6},"end":{"line":176,"column":7}},"64":{"start":{"line":175,"column":8},"end":{"line":175,"column":95}},"65":{"start":{"line":178,"column":6},"end":{"line":178,"column":44}},"66":{"start":{"line":183,"column":0},"end":{"line":210,"column":1}},"67":{"start":{"line":184,"column":2},"end":{"line":193,"column":3}},"68":{"start":{"line":195,"column":2},"end":{"line":209,"column":4}},"69":{"start":{"line":196,"column":4},"end":{"line":196,"column":37}},"70":{"start":{"line":198,"column":4},"end":{"line":208,"column":6}},"71":{"start":{"line":199,"column":6},"end":{"line":201,"column":7}},"72":{"start":{"line":200,"column":8},"end":{"line":200,"column":69}},"73":{"start":{"line":203,"column":6},"end":{"line":205,"column":7}},"74":{"start":{"line":204,"column":8},"end":{"line":204,"column":95}},"75":{"start":{"line":207,"column":6},"end":{"line":207,"column":19}},"76":{"start":{"line":212,"column":0},"end":{"line":216,"column":1}},"77":{"start":{"line":213,"column":2},"end":{"line":215,"column":25}},"78":{"start":{"line":214,"column":4},"end":{"line":214,"column":44}},"79":{"start":{"line":215,"column":17},"end":{"line":215,"column":24}},"80":{"start":{"line":218,"column":0},"end":{"line":267,"column":1}},"81":{"start":{"line":219,"column":2},"end":{"line":233,"column":4}},"82":{"start":{"line":221,"column":6},"end":{"line":221,"column":27}},"83":{"start":{"line":224,"column":6},"end":{"line":224,"column":63}},"84":{"start":{"line":227,"column":6},"end":{"line":227,"column":96}},"85":{"start":{"line":231,"column":6},"end":{"line":231,"column":35}},"86":{"start":{"line":235,"column":2},"end":{"line":266,"column":3}},"87":{"start":{"line":236,"column":4},"end":{"line":239,"column":31}},"88":{"start":{"line":241,"column":4},"end":{"line":249,"column":5}},"89":{"start":{"line":251,"column":4},"end":{"line":265,"column":6}},"90":{"start":{"line":252,"column":6},"end":{"line":262,"column":8}},"91":{"start":{"line":253,"column":8},"end":{"line":255,"column":9}},"92":{"start":{"line":254,"column":10},"end":{"line":254,"column":79}},"93":{"start":{"line":257,"column":8},"end":{"line":259,"column":9}},"94":{"start":{"line":258,"column":10},"end":{"line":258,"column":94}},"95":{"start":{"line":261,"column":8},"end":{"line":261,"column":22}},"96":{"start":{"line":264,"column":6},"end":{"line":264,"column":56}}},"branchMap":{"1":{"line":20,"type":"binary-expr","locations":[{"start":{"line":20,"column":18},"end":{"line":20,"column":29}},{"start":{"line":20,"column":33},"end":{"line":20,"column":36}}]},"2":{"line":25,"type":"if","locations":[{"start":{"line":25,"column":2},"end":{"line":25,"column":2}},{"start":{"line":25,"column":2},"end":{"line":25,"column":2}}]},"3":{"line":79,"type":"if","locations":[{"start":{"line":79,"column":4},"end":{"line":79,"column":4}},{"start":{"line":79,"column":4},"end":{"line":79,"column":4}}]},"4":{"line":83,"type":"if","locations":[{"start":{"line":83,"column":4},"end":{"line":83,"column":4}},{"start":{"line":83,"column":4},"end":{"line":83,"column":4}}]},"5":{"line":99,"type":"if","locations":[{"start":{"line":99,"column":4},"end":{"line":99,"column":4}},{"start":{"line":99,"column":4},"end":{"line":99,"column":4}}]},"6":{"line":110,"type":"if","locations":[{"start":{"line":110,"column":6},"end":{"line":110,"column":6}},{"start":{"line":110,"column":6},"end":{"line":110,"column":6}}]},"7":{"line":128,"type":"if","locations":[{"start":{"line":128,"column":4},"end":{"line":128,"column":4}},{"start":{"line":128,"column":4},"end":{"line":128,"column":4}}]},"8":{"line":139,"type":"if","locations":[{"start":{"line":139,"column":6},"end":{"line":139,"column":6}},{"start":{"line":139,"column":6},"end":{"line":139,"column":6}}]},"9":{"line":170,"type":"if","locations":[{"start":{"line":170,"column":6},"end":{"line":170,"column":6}},{"start":{"line":170,"column":6},"end":{"line":170,"column":6}}]},"10":{"line":171,"type":"binary-expr","locations":[{"start":{"line":171,"column":47},"end":{"line":171,"column":58}},{"start":{"line":171,"column":62},"end":{"line":171,"column":65}}]},"11":{"line":174,"type":"if","locations":[{"start":{"line":174,"column":6},"end":{"line":174,"column":6}},{"start":{"line":174,"column":6},"end":{"line":174,"column":6}}]},"12":{"line":199,"type":"if","locations":[{"start":{"line":199,"column":6},"end":{"line":199,"column":6}},{"start":{"line":199,"column":6},"end":{"line":199,"column":6}}]},"13":{"line":200,"type":"binary-expr","locations":[{"start":{"line":200,"column":47},"end":{"line":200,"column":58}},{"start":{"line":200,"column":62},"end":{"line":200,"column":65}}]},"14":{"line":203,"type":"if","locations":[{"start":{"line":203,"column":6},"end":{"line":203,"column":6}},{"start":{"line":203,"column":6},"end":{"line":203,"column":6}}]},"15":{"line":227,"type":"binary-expr","locations":[{"start":{"line":227,"column":75},"end":{"line":227,"column":86}},{"start":{"line":227,"column":90},"end":{"line":227,"column":93}}]},"16":{"line":253,"type":"if","locations":[{"start":{"line":253,"column":8},"end":{"line":253,"column":8}},{"start":{"line":253,"column":8},"end":{"line":253,"column":8}}]},"17":{"line":254,"type":"binary-expr","locations":[{"start":{"line":254,"column":57},"end":{"line":254,"column":68}},{"start":{"line":254,"column":72},"end":{"line":254,"column":75}}]},"18":{"line":257,"type":"if","locations":[{"start":{"line":257,"column":8},"end":{"line":257,"column":8}},{"start":{"line":257,"column":8},"end":{"line":257,"column":8}}]}},"code":["//#!/usr/bin/env node","","const childProcess = require('child_process')","const fs = require('fs')","const path = require('path')","const util = require('util')","const request = require('request')","const promiseRetryer = require('promise-retryer')(Promise)","","const token = process.env.GITHUB_ACCESS_TOKEN","const version = require('../package').version","const repo = 'yoshuawuyts/vmd'","","checkToken()","  .then(archiveAssets)","  .then(createRelease)","  .then(uploadAssets)","  .then(publishRelease)","  .catch((err) => {","    console.error(err.message || err)","    process.exit(1)","  })","","function checkToken () {","  if (!token) {","    return Promise.reject('GITHUB_ACCESS_TOKEN environment variable not set\\nSet it to a token with repo scope created from https://github.com/settings/tokens/new')","  } else {","    return Promise.resolve(token)","  }","}","","function archiveAssets () {","  const outPath = path.join(__dirname, '..', 'build')","","  const assets = [","    {","      name: `vmd-${version}-mac.zip`,","      path: path.join(outPath, 'vmd-darwin-x64', 'vmd.app')","    },","    {","      name: `vmd-${version}-mac.tar.gz`,","      path: path.join(outPath, 'vmd-darwin-x64', 'vmd.app')","    },","    {","      name: `vmd-${version}-linux-ia32.zip`,","      path: path.join(outPath, 'vmd-linux-ia32')","    },","    {","      name: `vmd-${version}-linux-ia32.tar.gz`,","      path: path.join(outPath, 'vmd-linux-ia32')","    },","    {","      name: `vmd-${version}-linux-x64.zip`,","      path: path.join(outPath, 'vmd-linux-x64')","    },","    {","      name: `vmd-${version}-linux-x64.tar.gz`,","      path: path.join(outPath, 'vmd-linux-x64')","    },","    {","      name: `vmd-${version}-win32-ia32.zip`,","      path: path.join(outPath, 'vmd-win32-ia32')","    },","    {","      name: `vmd-${version}-win32-ia32.tar.gz`,","      path: path.join(outPath, 'vmd-win32-ia32')","    },","    {","      name: `vmd-${version}-win32-x64.zip`,","      path: path.join(outPath, 'vmd-win32-x64')","    },","    {","      name: `vmd-${version}-win32-x64.tar.gz`,","      path: path.join(outPath, 'vmd-win32-x64')","    }","  ]","","  function archiveAsset (asset) {","    if (/\\.zip$/.test(asset.name)) {","      return zipAsset(asset)","    }","","    if (/\\.tar\\.gz$/.test(asset.name)) {","      return targzAsset(asset)","    }","  }","","  return Promise.all(assets.map(archiveAsset))","}","","function zipAsset (asset) {","  return new Promise((resolve, reject) => {","    const assetBase = path.basename(asset.path)","    const assetDirectory = path.dirname(asset.path)","    const outPath = path.join(__dirname, '..', 'build', asset.name)","","    console.log(`zipping ${assetBase} to ${asset.name}`)","","    if (!fs.existsSync(asset.path)) {","      return reject(new Error(`${asset.path} does not exist`))","    }","","    const command = `zip --recurse-paths --symlinks '${outPath}' '${assetBase}'`","    const options = {","      cwd: assetDirectory,","      maxBuffer: Infinity","    }","","    childProcess.exec(command, options, (err) => {","      if (err) {","        reject(err)","      } else {","        asset.path = outPath","        resolve(asset)","      }","    })","  })","}","","function targzAsset (asset) {","  return new Promise((resolve, reject) => {","    const assetBase = path.basename(asset.path)","    const assetDirectory = path.dirname(asset.path)","    const outPath = path.join(__dirname, '..', 'build', asset.name)","","    console.log(`gzipping ${assetBase} to ${asset.name}`)","","    if (!fs.existsSync(asset.path)) {","      return reject(new Error(`${asset.path} does not exist`))","    }","","    const command = `tar -czf '${outPath}' '${assetBase}'`","    const options = {","      cwd: assetDirectory,","      maxBuffer: Infinity","    }","","    childProcess.exec(command, options, (err) => {","      if (err) {","        reject(err)","      } else {","        asset.path = outPath","        resolve(asset)","      }","    })","  })","}","","function createRelease (assets) {","  const options = {","    uri: `https://api.github.com/repos/${repo}/releases`,","    headers: {","      Authorization: `token ${token}`,","      'User-Agent': `node/${process.versions.node}`","    },","    json: {","      tag_name: `${version}`,","      target_commitish: 'master',","      name: `vmd v${version}`,","      body: 'An awesome new release :tada:',","      draft: true,","      prerelease: false","    }","  }","","  return new Promise((resolve, reject) => {","    console.log(`creating new draft release v${version}`)","","    request.post(options, (err, response, body) => {","      if (err) {","        return reject(Error(`Request failed: ${err.message || err}`))","      }","","      if (response.statusCode !== 201) {","        return reject(Error(`Non-201 response: ${response.statusCode}\\n${util.inspect(body)}`))","      }","","      resolve({assets: assets, draft: body})","    })","  })","}","","function publishRelease (release) {","  const options = {","    uri: release.draft.url,","    headers: {","      Authorization: `token ${token}`,","      'User-Agent': `node/${process.versions.node}`","    },","    json: {","      draft: false","    }","  }","","  return new Promise((resolve, reject) => {","    console.log('publishing release')","","    request.post(options, (err, response, body) => {","      if (err) {","        return reject(Error(`Request failed: ${err.message || err}`))","      }","","      if (response.statusCode !== 200) {","        return reject(Error(`Non-200 response: ${response.statusCode}\\n${util.inspect(body)}`))","      }","","      resolve(body)","    })","  })","}","","function uploadAssets (release) {","  return Promise.all(release.assets.map((asset) => {","    return uploadAsset(release.draft, asset)","  })).then(() => release)","}","","function uploadAsset (release, asset) {","  return promiseRetryer.run({","    delay: function (attempt) {","      return attempt * 1000","    },","    onAttempt: function (attempt) {","      console.log(`attempt ${attempt} to upload ${asset.name}`)","    },","    onError: function (err, attempt) {","      console.log(`failed to upload ${asset.name} at attempt ${attempt}: ${err.message || err}`)","    },","    maxRetries: 3,","    promise: function (attempt) {","      return upload(release, asset)","    }","  })","","  function upload (release, asset) {","    const contentType = {","      '.zip': 'application/zip',","      '.gz': 'application/tar+gzip'","    }[path.extname(asset.name)]","","    const options = {","      uri: release.upload_url.replace(/\\{.*$/, `?name=${asset.name}`),","      headers: {","        Authorization: `token ${token}`,","        'Content-Type': contentType,","        'Content-Length': fs.statSync(asset.path).size,","        'User-Agent': `node/${process.versions.node}`","      }","    }","","    return new Promise((resolve, reject) => {","      const assetRequest = request.post(options, (err, response, body) => {","        if (err) {","          return reject(Error(`Uploading asset failed: ${err.message || err}`))","        }","","        if (response.statusCode >= 400) {","          return reject(Error(`400+ response: ${response.statusCode}\\n${util.inspect(body)}`))","        }","","        resolve(asset)","      })","","      fs.createReadStream(asset.path).pipe(assetRequest)","    })","  }","}",""],"l":{"3":2,"4":2,"5":2,"6":2,"7":2,"8":2,"10":0,"11":0,"12":0,"14":0,"20":0,"21":0,"24":1,"25":0,"26":0,"28":0,"32":1,"33":0,"35":0,"78":1,"79":0,"80":0,"83":0,"84":0,"88":0,"91":1,"92":0,"93":0,"94":0,"95":0,"97":0,"99":0,"100":0,"103":0,"104":0,"109":0,"110":0,"111":0,"113":0,"114":0,"120":1,"121":0,"122":0,"123":0,"124":0,"126":0,"128":0,"129":0,"132":0,"133":0,"138":0,"139":0,"140":0,"142":0,"143":0,"149":1,"150":0,"166":0,"167":0,"169":0,"170":0,"171":0,"174":0,"175":0,"178":0,"183":1,"184":0,"195":0,"196":0,"198":0,"199":0,"200":0,"203":0,"204":0,"207":0,"212":1,"213":0,"214":0,"215":0,"218":1,"219":0,"221":0,"224":0,"227":0,"231":0,"235":1,"236":0,"241":0,"251":0,"252":0,"253":0,"254":0,"257":0,"258":0,"261":0,"264":0}},"/home/travis/build/npmtest/node-npmtest-vmd/node_modules/vmd/shared/create-menu.js":{"path":"/home/travis/build/npmtest/node-npmtest-vmd/node_modules/vmd/shared/create-menu.js","s":{"1":1,"2":1,"3":1,"4":1,"5":1,"6":0,"7":0,"8":0,"9":0,"10":0,"11":0,"12":0,"13":1,"14":0,"15":0,"16":0,"17":0,"18":0,"19":0,"20":0,"21":0,"22":0,"23":0,"24":0,"25":0,"26":0,"27":0},"b":{"1":[0,1],"2":[0,1],"3":[0,0],"4":[0,0],"5":[0,0],"6":[0,0],"7":[0,0]},"f":{"1":0,"2":0,"3":0,"4":0,"5":0,"6":0,"7":0},"fnMap":{"1":{"name":"(anonymous_1)","line":6,"loc":{"start":{"line":6,"column":17},"end":{"line":6,"column":44}}},"2":{"name":"(anonymous_2)","line":11,"loc":{"start":{"line":11,"column":13},"end":{"line":11,"column":25}}},"3":{"name":"(anonymous_3)","line":15,"loc":{"start":{"line":15,"column":14},"end":{"line":15,"column":26}}},"4":{"name":"(anonymous_4)","line":19,"loc":{"start":{"line":19,"column":12},"end":{"line":19,"column":29}}},"5":{"name":"updateMenuItems","line":25,"loc":{"start":{"line":25,"column":2},"end":{"line":25,"column":46}}},"6":{"name":"(anonymous_6)","line":26,"loc":{"start":{"line":26,"column":19},"end":{"line":26,"column":38}}},"7":{"name":"(anonymous_7)","line":34,"loc":{"start":{"line":34,"column":17},"end":{"line":34,"column":38}}}},"statementMap":{"1":{"start":{"line":1,"column":0},"end":{"line":1,"column":46}},"2":{"start":{"line":2,"column":0},"end":{"line":2,"column":36}},"3":{"start":{"line":3,"column":0},"end":{"line":3,"column":62}},"4":{"start":{"line":4,"column":0},"end":{"line":4,"column":74}},"5":{"start":{"line":6,"column":0},"end":{"line":62,"column":1}},"6":{"start":{"line":7,"column":2},"end":{"line":7,"column":24}},"7":{"start":{"line":8,"column":2},"end":{"line":8,"column":20}},"8":{"start":{"line":10,"column":2},"end":{"line":23,"column":3}},"9":{"start":{"line":12,"column":6},"end":{"line":12,"column":18}},"10":{"start":{"line":16,"column":6},"end":{"line":16,"column":19}},"11":{"start":{"line":20,"column":6},"end":{"line":20,"column":20}},"12":{"start":{"line":21,"column":6},"end":{"line":21,"column":58}},"13":{"start":{"line":25,"column":2},"end":{"line":57,"column":3}},"14":{"start":{"line":26,"column":4},"end":{"line":54,"column":6}},"15":{"start":{"line":27,"column":6},"end":{"line":41,"column":7}},"16":{"start":{"line":28,"column":8},"end":{"line":38,"column":10}},"17":{"start":{"line":35,"column":12},"end":{"line":35,"column":50}},"18":{"start":{"line":40,"column":8},"end":{"line":40,"column":31}},"19":{"start":{"line":43,"column":6},"end":{"line":45,"column":7}},"20":{"start":{"line":44,"column":8},"end":{"line":44,"column":69}},"21":{"start":{"line":47,"column":6},"end":{"line":49,"column":7}},"22":{"start":{"line":48,"column":8},"end":{"line":48,"column":69}},"23":{"start":{"line":51,"column":6},"end":{"line":53,"column":7}},"24":{"start":{"line":52,"column":8},"end":{"line":52,"column":70}},"25":{"start":{"line":56,"column":4},"end":{"line":56,"column":12}},"26":{"start":{"line":59,"column":2},"end":{"line":59,"column":54}},"27":{"start":{"line":61,"column":2},"end":{"line":61,"column":10}}},"branchMap":{"1":{"line":3,"type":"cond-expr","locations":[{"start":{"line":3,"column":26},"end":{"line":3,"column":46}},{"start":{"line":3,"column":49},"end":{"line":3,"column":62}}]},"2":{"line":4,"type":"cond-expr","locations":[{"start":{"line":4,"column":30},"end":{"line":4,"column":54}},{"start":{"line":4,"column":57},"end":{"line":4,"column":74}}]},"3":{"line":27,"type":"if","locations":[{"start":{"line":27,"column":6},"end":{"line":27,"column":6}},{"start":{"line":27,"column":6},"end":{"line":27,"column":6}}]},"4":{"line":37,"type":"cond-expr","locations":[{"start":{"line":37,"column":52},"end":{"line":37,"column":62}},{"start":{"line":37,"column":65},"end":{"line":37,"column":69}}]},"5":{"line":43,"type":"if","locations":[{"start":{"line":43,"column":6},"end":{"line":43,"column":6}},{"start":{"line":43,"column":6},"end":{"line":43,"column":6}}]},"6":{"line":47,"type":"if","locations":[{"start":{"line":47,"column":6},"end":{"line":47,"column":6}},{"start":{"line":47,"column":6},"end":{"line":47,"column":6}}]},"7":{"line":51,"type":"if","locations":[{"start":{"line":51,"column":6},"end":{"line":51,"column":6}},{"start":{"line":51,"column":6},"end":{"line":51,"column":6}}]}},"code":["const isRenderer = process.type === 'renderer'","const electron = require('electron')","const Menu = isRenderer ? electron.remote.Menu : electron.Menu","const MenuItem = isRenderer ? electron.remote.MenuItem : electron.MenuItem","","module.exports = function (template, model) {","  var _menu = new Menu()","  var _model = model","","  var m = {","    getMenu: function () {","      return _menu","    },","","    getModel: function () {","      return _model","    },","","    update: function (model) {","      _model = model","      updateMenuItems(m.getModel(), template, m.getMenu())","    }","  }","","  function updateMenuItems (model, tplArr, p) {","    tplArr.forEach(function (tplItem) {","      if (!tplItem._item) {","        tplItem._item = new MenuItem({","          type: tplItem.type,","          label: tplItem.label,","          accelerator: tplItem.accelerator,","          role: tplItem.role,","          selector: tplItem.selector,","          click: function (item, win) {","            tplItem.click(m.getModel(), item, win)","          },","          submenu: Array.isArray(tplItem.submenu) ? new Menu() : null","        })","","        p.append(tplItem._item)","      }","","      if (typeof tplItem.visible === 'function') {","        tplItem._item.visible = tplItem.visible(model, tplItem._item)","      }","","      if (typeof tplItem.enabled === 'function') {","        tplItem._item.enabled = tplItem.enabled(model, tplItem._item)","      }","","      if (tplItem._item.submenu) {","        updateMenuItems(model, tplItem.submenu, tplItem._item.submenu)","      }","    })","","    return p","  }","","  updateMenuItems(m.getModel(), template, m.getMenu())","","  return m","}",""],"l":{"1":1,"2":1,"3":1,"4":1,"6":1,"7":0,"8":0,"10":0,"12":0,"16":0,"20":0,"21":0,"25":1,"26":0,"27":0,"28":0,"35":0,"40":0,"43":0,"44":0,"47":0,"48":0,"51":0,"52":0,"56":0,"59":0,"61":0}}}